1621970519367	geckodriver	INFO	Listening on 127.0.0.1:63904
1621970522794	mozrunner::runner	INFO	Running command: "C:\\Program Files (x86)\\Mozilla Firefox\\firefox.exe" "--marionette" "-foreground" "-no-remote" "-profile" "C:\\Users\\Kevin\\AppData\\Local\\Temp\\rust_mozprofilecmGuki"
[GFX1-]: DoesD3D11TextureSharingWork_ColorMismatch
Can't find symbol 'eglSwapBuffersWithDamageEXT'.
Can't find symbol 'eglSetDamageRegionKHR'.
console.warn: SearchSettings: "get: No settings file exists, new profile?" (new Error("", "(unknown module)"))
console.error: Region.jsm: "Error fetching region" (new AbortError("The operation was aborted. ", (void 0), 724))
console.error: Region.jsm: "Failed to fetch region" (new Error("NO_RESULT", "resource://gre/modules/Region.jsm", 376))
1621970573572	Marionette	INFO	Listening on port 63912
1621970574854	Marionette	WARN	TLS certificate errors will be ignored for this session
[Parent 9492, Gecko_IOThread] WARNING: file /builds/worker/checkouts/gecko/ipc/chromium/src/base/process_util_win.cc:166
1621970672737	Marionette	INFO	Stopped listening on port 63912

###!!! [Child][RunMessage] Error: Channel closing: too late to send/recv, messages will be lost

1621973311768	geckodriver	INFO	Listening on 127.0.0.1:49413
1621973315475	mozrunner::runner	INFO	Running command: "C:\\Program Files (x86)\\Mozilla Firefox\\firefox.exe" "--marionette" "-foreground" "-no-remote" "-profile" "C:\\Users\\Kevin\\AppData\\Local\\Temp\\rust_mozprofilei5mjHA"
1621973322594	Marionette	INFO	Marionette enabled
[GFX1-]: DoesD3D11TextureSharingWork_ColorMismatch
console.warn: SearchSettings: "get: No settings file exists, new profile?" (new Error("", "(unknown module)"))
console.error: Region.jsm: "Error fetching region" (new Error("TIMEOUT", "resource://gre/modules/Region.jsm", 772))
console.error: Region.jsm: "Failed to fetch region" (new Error("TIMEOUT", "resource://gre/modules/Region.jsm", 419))
1621973365852	Marionette	INFO	Listening on port 49421
1621973367280	Marionette	WARN	TLS certificate errors will be ignored for this session
[Parent 9332, IPC I/O Parent] WARNING: file /builds/worker/checkouts/gecko/ipc/chromium/src/base/process_util_win.cc:167
1621973509311	Marionette	INFO	Stopped listening on port 49421
1621974070436	geckodriver	INFO	Listening on 127.0.0.1:49865
1621974074107	mozrunner::runner	INFO	Running command: "C:\\Program Files (x86)\\Mozilla Firefox\\firefox.exe" "--marionette" "-foreground" "-no-remote" "-profile" "C:\\Users\\Kevin\\AppData\\Local\\Temp\\rust_mozprofileYjgi83"
1621974080997	Marionette	INFO	Marionette enabled
[GFX1-]: DoesD3D11TextureSharingWork_ColorMismatch
console.warn: SearchSettings: "get: No settings file exists, new profile?" (new Error("", "(unknown module)"))
console.error: Region.jsm: "Error fetching region" (new Error("TIMEOUT", "resource://gre/modules/Region.jsm", 772))
console.error: Region.jsm: "Failed to fetch region" (new Error("TIMEOUT", "resource://gre/modules/Region.jsm", 419))
1621974101771	Marionette	INFO	Listening on port 49878
1621974102171	Marionette	WARN	TLS certificate errors will be ignored for this session
[Parent 8216, IPC I/O Parent] WARNING: file /builds/worker/checkouts/gecko/ipc/chromium/src/base/process_util_win.cc:167
1621974189631	Marionette	INFO	Stopped listening on port 49878
"-foreground" "-no-remote" "-profile" "C:\\Users\\Kevin\\AppData\\Local\\Temp\\rust_mozprofilemF0B5h"
1621974154634	Marionette	INFO	Marionette enabled
[GFX1-]: DoesD3D11TextureSharingWork_ColorMismatch
console.warn: SearchSettings: "get: No settings file exists, new profile?" (new Error("", "(unknown module)"))
console.error: Region.jsm: "Error fetching region" (new Error("TIMEOUT", "resource://gre/modules/Region.jsm", 772))
console.error: Region.jsm: "Failed to fetch region" (new Error("TIMEOUT", "resource://gre/modules/Region.jsm", 419))
1621974167763	Marionette	INFO	Listening on port 49963
1621974168058	Marionette	WARN	TLS certificate errors will be ignored for this session
1621974300851	Marionette	INFO	Stopped listening on port 49963

###!!! [Child][RunMessage] Error: Channel closing: too late to send/recv, messages will be lost

.exe" "--marionette" "-foreground" "-no-remote" "-profile" "C:\\Users\\Kevin\\AppData\\Local\\Temp\\rust_mozprofilez1wf3r"
1621974285057	Marionette	INFO	Marionette enabled
[GFX1-]: DoesD3D11TextureSharingWork_ColorMismatch
console.error: "Could not write session state file " (new Error("_initWorker called too early! Please read the session file from disk first.", "resource:///modules/sessionstore/SessionFile.jsm", 375)) "_initWorker/<@resource:///modules/sessionstore/SessionFile.jsm:375:15\n_initWorker@resource:///modules/sessionstore/SessionFile.jsm:368:12\n_postToWorker@resource:///modules/sessionstore/SessionFile.jsm:410:16\nwrite@resource:///modules/sessionstore/SessionFile.jsm:448:24\nwrite@resource:///modules/sessionstore/SessionFile.jsm:75:32\n_writeState@resource:///modules/sessionstore/SessionSaver.jsm:367:24\n_saveState@resource:///modules/sessionstore/SessionSaver.jsm:301:17\n_saveStateAsync@resource:///modules/sessionstore/SessionSaver.jsm:351:10\nsaveStateAsyncWhenIdle@resource:///modules/sessionstore/SessionSaver.jsm:198:14\ncallback@resource://gre/modules/Timer.jsm:127:16\n"
console.error: Region.jsm: "Error fetching region" (new Error("TIMEOUT", "resource://gre/modules/Region.jsm", 772))
console.error: Region.jsm: "Failed to fetch region" (new Error("TIMEOUT", "resource://gre/modules/Region.jsm", 419))
console.warn: SearchSettings: "get: No settings file exists, new profile?" (new Error("", "(unknown module)"))
1621974318745	Marionette	INFO	Listening on port 50060
1621974319006	Marionette	WARN	TLS certificate errors will be ignored for this session
JavaScript error: resource://activity-stream/lib/ActivityStreamPrefs.jsm, line 27: NS_ERROR_ILLEGAL_VALUE: Component returned failure code: 0x80070057 (NS_ERROR_ILLEGAL_VALUE) [nsIPrefBranch.removeObserver]
JavaScript error: resource://gre/modules/UrlClassifierListManager.jsm, line 691: TypeError: this.tablesData[table] is undefined
[Parent 2540, IPC I/O Parent] WARNING: file /builds/worker/checkouts/gecko/ipc/chromium/src/base/process_util_win.cc:167
JavaScript error: resource://activity-stream/lib/PlacesFeed.jsm, line 172: NS_ERROR_UNEXPECTED: Component returned failure code: 0x8000ffff (NS_ERROR_UNEXPECTED) [nsINavBookmarksService.addObserver]
JavaScript error: resource://gre/modules/ExtensionSettingsStore.jsm, line 122: Error: The ExtensionSettingsStore was accessed before the initialize promise resolved.
console.log: "RemoteSettingsWorker error: Error: Can't import when we've started shutting down."
console.log: "RemoteSettingsWorker error: Error: Can't import when we've started shutting down."
console.log: "RemoteSettingsWorker error: Error: Can't import when we've started shutting down."
console.log: "RemoteSettingsWorker error: Error: Can't import when we've started shutting down."
console.error: "Could not load engine bing@search.mozilla.org: [Exception... \"AddonManager is not initialized\"  nsresult: \"0xc1f30001 (NS_ERROR_NOT_INITIALIZED)\"  location: \"JS frame :: resource://gre/modules/AddonManager.jsm :: installBuiltinAddon :: line 2550\"  data: no]"
console.error: "Could not load engine amazondotcom@search.mozilla.org: [Exception... \"AddonManager is not initialized\"  nsresult: \"0xc1f30001 (NS_ERROR_NOT_INITIALIZED)\"  location: \"JS frame :: resource://gre/modules/AddonManager.jsm :: installBuiltinAddon :: line 2550\"  data: no]"
console.error: "Could not load engine wikipedia@search.mozilla.org: [Exception... \"AddonManager is not initialized\"  nsresult: \"0xc1f30001 (NS_ERROR_NOT_INITIALIZED)\"  location: \"JS frame :: resource://gre/modules/AddonManager.jsm :: installBuiltinAddon :: line 2550\"  data: no]"
console.error: "Could not load engine ddg@search.mozilla.org: [Exception... \"AddonManager is not initialized\"  nsresult: \"0xc1f30001 (NS_ERROR_NOT_INITIALIZED)\"  location: \"JS frame :: resource://gre/modules/AddonManager.jsm :: installBuiltinAddon :: line 2550\"  data: no]"
console.error: "Could not load engine google@search.mozilla.org: [Exception... \"AddonManager is not initialized\"  nsresult: \"0xc1f30001 (NS_ERROR_NOT_INITIALIZED)\"  location: \"JS frame :: resource://gre/modules/AddonManager.jsm :: installBuiltinAddon :: line 2550\"  data: no]"
console.warn: SearchService: "_init: abandoning init due to shutting down"
console.log: "RemoteSettingsWorker error: Error: Can't import when we've started shutting down."
JavaScript error: resource://gre/modules/AsyncShutdown.jsm, line 575: uncaught exception: 2147500036
JavaScript error: resource://gre/modules/AsyncShutdown.jsm, line 575: uncaught exception: 2147500036
JavaScript error: resource://gre/modules/AsyncShutdown.jsm, line 575: uncaught exception: 2147500036
JavaScript error: resource://gre/modules/AsyncShutdown.jsm, line 575: uncaught exception: 2147500036
JavaScript error: resource://gre/modules/AsyncShutdown.jsm, line 575: uncaught exception: 2147500036
JavaScript error: resource://gre/modules/AsyncShutdown.jsm, line 575: uncaught exception: 2147500036
JavaScript error: resource://gre/modules/AsyncShutdown.jsm, line 575: uncaught exception: 2147500036
JavaScript error: resource://gre/modules/SearchService.jsm, line 1303: NS_ERROR_ABORT: SearchService initialization failed
console.log: "RemoteSettingsWorker error: Error: Can't import when we've started shutting down."
1621974340448	Marionette	INFO	Stopped listening on port 50060

###!!! [Child][RunMessage] Error: Channel closing: too late to send/recv, messages will be lost

1621974419792	geckodriver	INFO	Listening on 127.0.0.1:61556
1621974422830	mozrunner::runner	INFO	Running command: "C:\\Program Files (x86)\\Mozilla Firefox\\firefox.exe" "--marionette" "-foreground" "-no-remote" "-profile" "C:\\Users\\Kevin\\AppData\\Local\\Temp\\rust_mozprofileWWC27h"
1621974425890	Marionette	INFO	Marionette enabled
[GFX1-]: DoesD3D11TextureSharingWork_ColorMismatch
console.warn: SearchSettings: "get: No settings file exists, new profile?" (new Error("", "(unknown module)"))
console.error: Region.jsm: "Error fetching region" (new Error("TIMEOUT", "resource://gre/modules/Region.jsm", 772))
console.error: Region.jsm: "Failed to fetch region" (new Error("TIMEOUT", "resource://gre/modules/Region.jsm", 419))
1621974443770	Marionette	INFO	Listening on port 61564
1621974444246	Marionette	WARN	TLS certificate errors will be ignored for this session
[Parent 9608, IPC I/O Parent] WARNING: file /builds/worker/checkouts/gecko/ipc/chromium/src/base/process_util_win.cc:167
1621974705154	Marionette	INFO	Stopped listening on port 61564
"-foreground" "-no-remote" "-profile" "C:\\Users\\Kevin\\AppData\\Local\\Temp\\rust_mozprofileDnk0sD"
1621974504099	Marionette	INFO	Marionette enabled
[GFX1-]: DoesD3D11TextureSharingWork_ColorMismatch
console.warn: SearchSettings: "get: No settings file exists, new profile?" (new Error("", "(unknown module)"))
1621974515872	Marionette	INFO	Listening on port 61637
console.error: Region.jsm: "Error fetching region" (new Error("TIMEOUT", "resource://gre/modules/Region.jsm", 772))
console.error: Region.jsm: "Failed to fetch region" (new Error("TIMEOUT", "resource://gre/modules/Region.jsm", 419))
1621974518572	Marionette	WARN	TLS certificate errors will be ignored for this session
1621974706134	Marionette	INFO	Stopped listening on port 61637

###!!! [Child][RunMessage] Error: Channel closing: too late to send/recv, messages will be lost

1621974729552	geckodriver	INFO	Listening on 127.0.0.1:65202
1621974732919	mozrunner::runner	INFO	Running command: "C:\\Program Files (x86)\\Mozilla Firefox\\firefox.exe" "--marionette" "-foreground" "-no-remote" "-profile" "C:\\Users\\Kevin\\AppData\\Local\\Temp\\rust_mozprofilenDVPDG"
1621974737306	Marionette	INFO	Marionette enabled
[GFX1-]: DoesD3D11TextureSharingWork_ColorMismatch
console.warn: SearchSettings: "get: No settings file exists, new profile?" (new Error("", "(unknown module)"))
1621974749131	Marionette	INFO	Listening on port 65210
1621974749473	Marionette	WARN	TLS certificate errors will be ignored for this session
[GFX1-]: Failed to connect WebRenderBridgeChild.
1621976119947	Marionette	INFO	Stopped listening on port 65210

###!!! [Child][RunMessage] Error: Channel closing: too late to send/recv, messages will be lost

profile" "C:\\Users\\Kevin\\AppData\\Local\\Temp\\rust_mozprofilepJlLgL"
1621975334193	Marionette	INFO	Marionette enabled
[GFX1-]: DoesD3D11TextureSharingWork_ColorMismatch
console.warn: SearchSettings: "get: No settings file exists, new profile?" (new Error("", "(unknown module)"))
1621975349722	Marionette	INFO	Listening on port 61135
console.error: Region.jsm: "Error fetching region" (new Error("TIMEOUT", "resource://gre/modules/Region.jsm", 772))
console.error: Region.jsm: "Failed to fetch region" (new Error("TIMEOUT", "resource://gre/modules/Region.jsm", 419))
1621975351782	Marionette	WARN	TLS certificate errors will be ignored for this session
[Parent 11644, IPC I/O Parent] WARNING: file /builds/worker/checkouts/gecko/ipc/chromium/src/base/process_util_win.cc:167
1621976107149	Marionette	INFO	Stopped listening on port 61135
-foreground" "-no-remote" "-profile" "C:\\Users\\Kevin\\AppData\\Local\\Temp\\rust_mozprofileFR05hz"
1621975508223	Marionette	INFO	Marionette enabled
[GFX1-]: DoesD3D11TextureSharingWork_ColorMismatch
console.warn: SearchSettings: "get: No settings file exists, new profile?" (new Error("", "(unknown module)"))
console.error: Region.jsm: "Error fetching region" (new Error("TIMEOUT", "resource://gre/modules/Region.jsm", 772))
console.error: Region.jsm: "Failed to fetch region" (new Error("TIMEOUT", "resource://gre/modules/Region.jsm", 419))
1621975530777	Marionette	INFO	Listening on port 61289
1621975532465	Marionette	WARN	TLS certificate errors will be ignored for this session
console.error: (new Error("SessionFile is closed", "resource:///modules/sessionstore/SessionFile.jsm", 433))
1621976104653	Marionette	INFO	Stopped listening on port 61289
marionette" "-foreground" "-no-remote" "-profile" "C:\\Users\\Kevin\\AppData\\Local\\Temp\\rust_mozprofileXzOqOj"
1621975871621	Marionette	INFO	Marionette enabled
[GFX1-]: DoesD3D11TextureSharingWork_ColorMismatch
console.warn: SearchSettings: "get: No settings file exists, new profile?" (new Error("", "(unknown module)"))
console.error: Region.jsm: "Error fetching region" (new Error("TIMEOUT", "resource://gre/modules/Region.jsm", 772))
console.error: Region.jsm: "Failed to fetch region" (new Error("TIMEOUT", "resource://gre/modules/Region.jsm", 419))
1621975947229	Marionette	INFO	Listening on port 50281
WARNING: At least one completion condition is taking too long to complete. Conditions: [{"name":"OS.File: flush I/O queued before profileBeforeChange","state":{"launched":true,"shutdown":false,"worker":true,"pendingReset":false,"latestSent":["Tue May 25 2021 17:53:39 GMT-0300 (Brasilia Standard Time)","writeAtomic"],"latestReceived":["Tue May 25 2021 17:53:39 GMT-0300 (Brasilia Standard Time)",2438],"messagesSent":71,"messagesReceived":71,"messagesQueued":71,"DEBUG":false,"clients":"Complete"},"filename":"resource://gre/modules/osfile/osfile_async_front.jsm","lineNumber":1658,"stack":["resource://gre/modules/osfile/osfile_async_front.jsm:setupShutdown:1658","resource://gre/modules/osfile/osfile_async_front.jsm:null:1678","resource://gre/modules/osfile.jsm:null:11","resource://gre/modules/UpdateUtils.jsm:null:18","resource://gre/modules/GMPUtils.jsm:null:19","resource://gre/modules/addons/GMPProvider.jsm:null:19","resource://gre/modules/AddonManager.jsm:startup:789","resource://gre/modules/AddonManager.jsm:startup:3525","resource://gre/modules/addonManager.js:observe:87"]},{"name":"Places Connection shutdown","state":{"PlacesShutdownProgress":5},"filename":"/builds/worker/checkouts/gecko/toolkit/components/places/Database.cpp","lineNumber":467,"stack":["resource://gre/modules/nsAsyncShutdown.jsm:addBlocker:162","resource://gre/modules/XPCOMUtils.jsm:XPCU_serviceLambda:144","resource://gre/modules/XPCOMUtils.jsm:get:58","resource:///modules/BrowserGlue.jsm:BG__onFirstWindowLoaded:1739","resource:///modules/BrowserGlue.jsm:BG_observe:1014","chrome://browser/content/browser.js:_delayedStartup:2203"]}] Barrier: profile-before-change
console.error: (new Error("SessionFile is closed", "resource:///modules/sessionstore/SessionFile.jsm", 433))
1621976025906	Marionette	INFO	Stopped listening on port 50281
1621984260294	geckodriver	INFO	Listening on 127.0.0.1:52967
1621984263778	mozrunner::runner	INFO	Running command: "C:\\Program Files (x86)\\Mozilla Firefox\\firefox.exe" "--marionette" "-foreground" "-no-remote" "-profile" "C:\\Users\\Kevin\\AppData\\Local\\Temp\\rust_mozprofilesufbtg"
1621984275470	Marionette	INFO	Marionette enabled
[GFX1-]: DoesD3D11TextureSharingWork_ColorMismatch
console.warn: SearchSettings: "get: No settings file exists, new profile?" (new Error("", "(unknown module)"))
console.error: Region.jsm: "Error fetching region" (new Error("TIMEOUT", "resource://gre/modules/Region.jsm", 772))
console.error: Region.jsm: "Failed to fetch region" (new Error("TIMEOUT", "resource://gre/modules/Region.jsm", 419))
1621984295063	Marionette	INFO	Listening on port 52975
1621984295386	Marionette	WARN	TLS certificate errors will be ignored for this session
[Parent 5220, IPC I/O Parent] WARNING: file /builds/worker/checkouts/gecko/ipc/chromium/src/base/process_util_win.cc:167
[Parent 5220, IPC I/O Parent] WARNING: file /builds/worker/checkouts/gecko/ipc/chromium/src/base/process_util_win.cc:167
1621984364604	Marionette	INFO	Stopped listening on port 52975
1621984366195	geckodriver	INFO	Listening on 127.0.0.1:53042
1621984369264	mozrunner::runner	INFO	Running command: "C:\\Program Files (x86)\\Mozilla Firefox\\firefox.exe" "--marionette" "-foreground" "-no-remote" "-profile" "C:\\Users\\Kevin\\AppData\\Local\\Temp\\rust_mozprofileZeR5Bg"
1621984372057	Marionette	INFO	Marionette enabled
[GFX1-]: DoesD3D11TextureSharingWork_ColorMismatch
console.warn: SearchSettings: "get: No settings file exists, new profile?" (new Error("", "(unknown module)"))
1621984381314	Marionette	INFO	Listening on port 53050
1621984381568	Marionette	WARN	TLS certificate errors will be ignored for this session
1621984758632	Marionette	INFO	Stopped listening on port 53050

###!!! [Child][RunMessage] Error: Channel closing: too late to send/recv, messages will be lost

1621984763358	geckodriver	INFO	Listening on 127.0.0.1:53104
1621984766404	mozrunner::runner	INFO	Running command: "C:\\Program Files (x86)\\Mozilla Firefox\\firefox.exe" "--marionette" "-foreground" "-no-remote" "-profile" "C:\\Users\\Kevin\\AppData\\Local\\Temp\\rust_mozprofileoiaUGZ"
1621984769794	Marionette	INFO	Marionette enabled
[GFX1-]: DoesD3D11TextureSharingWork_ColorMismatch
console.warn: SearchSettings: "get: No settings file exists, new profile?" (new Error("", "(unknown module)"))
1621984778972	Marionette	INFO	Listening on port 53112
1621984779315	Marionette	WARN	TLS certificate errors will be ignored for this session
*** UTM:SVC TimerManager:registerTimer called after profile-before-change notification. Ignoring timer registration for id: telemetry_modules_ping
*** UTM:SVC TimerManager:registerTimer called after profile-before-change notification. Ignoring timer registration for id: telemetry_untrustedmodules_ping
1621984834121	Marionette	INFO	Stopped listening on port 53112

###!!! [Child][RunMconsole.warn: SearchSettings: "get: No settings file exists, new profile?" (new Error("", "(unknown module)"))
console.error: Region.jsm: "Error fetching region" (new Error("TIMEOUT", "resource://gre/modules/Region.jsm", 772))
console.error: Region.jsm: "Failed to fetch region" (new Error("TIMEOUT", "resource://gre/modules/Region.jsm", 419))
1621984839958	Marionette	INFO	Listening on port 53172
1621984841712	Marionette	WARN	TLS certificate errors will be ignored for this session
[Parent 6904, IPC I/O Parent] WARNING: file /builds/worker/c1621984978556	mozrunner::runner	INFO	Running command: "C:\\Pro1621984981592	Marionette	INFO	Stopped listening on port 53172

###!!! [Child][RunMessage] Error: Channel closing: too late to send/recv, messages will be lost


1621984980092	Marionette	INFO	Marionette enabled
[GFX1-]: DoesD3D11TextureSharingWork_ColorMismatch
console.warn: SearchSettings: "get: No settings file exists, new profile?" (new Error("", "(unknown module)"))
console.error: Region.jsm: "Error fetching region" (new Error("TIMEOUT", "resource://gre/modules/Region.jsm", 772))
console.error: Region.jsm: "Failed to fetch region" (new Error("TIMEOUT", "resource://gre/modules/Region.jsm", 419))
1621984993495	Marionette	INFO	Listening on port 53239
1621984994001	Marionette	WARN	TLS certificate errors will be ignored for this session
1621985127886	Marionette	INFO	Stopped listening on port 53239

###!!! [Child][RunMessage] Error: Channel closing: too late to send/recv, messages will be lost

.exe" "--marionette" "-foreground" "-no-remote" "-profile" "C:\\Users\\Kevin\\AppData\\Local\\Temp\\rust_mozprofilezfCUR4"
1621985125888	Marionette	INFO	Marionette enabled
[GFX1-]: DoesD3D11TextureSharingWork_ColorMismatch
console.warn: SearchSettings: "get: No settings file exists, new profile?" (new Error("", "(unknown module)"))
console.error: Region.jsm: "Error fetching region" (new Error("TIMEOUT", "resource://gre/modules/Region.jsm", 772))
console.error: Region.jsm: "Failed to fetch region" (new Error("TIMEOUT", "resource://gre/modules/Region.jsm", 419))
1621985137996	Marionette	INFO	Listening on port 53305
1621985138546	Marionette	WARN	TLS certificate errors will be ignored for this session
1621985437700	Marionette	INFO	Stopped listening on port 53305
console.error: (new Error("SessionFile is closed", "resource:///modules/sessionstore/SessionFile.jsm", 433))
1621986228480	geckodriver	INFO	Listening on 127.0.0.1:61948
1621986232806	mozrunner::runner	INFO	Running command: "C:\\Program Files (x86)\\Mozilla Firefox\\firefox.exe" "--marionette" "-foreground" "-no-remote" "-profile" "C:\\Users\\Kevin\\AppData\\Local\\Temp\\rust_mozprofiledYeCfa"
1621986245013	Marionette	INFO	Marionette enabled
[GFX1-]: DoesD3D11TextureSharingWork_ColorMismatch
console.warn: SearchSettings: "get: No settings file exists, new profile?" (new Error("", "(unknown module)"))
console.error: Region.jsm: "Error fetching region" (new Error("TIMEOUT", "resource://gre/modules/Region.jsm", 772))
console.error: Region.jsm: "Failed to fetch region" (new Error("TIMEOUT", "resource://gre/modules/Region.jsm", 419))
1621986269342	Marionette	INFO	Listening on port 61956
1621986269667	Marionette	WARN	TLS certificate errors will be ignored for this session
1621986421144	Marionette	INFO	Stopped listening on port 61956
1986397443	mozrunner::runner	INFO	Running command: "C:\\Program Files (x86)\\Mozilla Firefox\\firefox.exe" "--marionette" "-foreground" "-no-remote" "-profile" "C:\\Users\\Kevin\\AppData\\Local\\Temp\\rust_mozprofileNIGn0U"
1621986401088	Marionette	INFO	Marionette enabled
[GFX1-]: DoesD3D11TextureSharingWork_ColorMismatch
console.warn: SearchSettings: "get: No settings file exists, new profile?" (new Error("", "(unknown module)"))
console.error: Region.jsm: "Error fetching region" (new Error("TIMEOUT", "resource://gre/modules/Region.jsm", 772))
console.error: Region.jsm: "Failed to fetch region" (new Error("TIMEOUT", "resource://gre/modules/Region.jsm", 419))
1621986430531	Marionette	INFO	Listening on port 62039
1621986431756	Marionette	WARN	TLS certificate errors will be ignored for this session
1621986442295	Marionette	INFO	Stopped listening on port 62039
JavaScript error: resource://gre/modules/UrlClassifierListManager.jsm, line 691: TypeError: this.tablesData[table] is undefined

###!!! [Child][RunMessage] Error: Channel closing: too late to send/recv, messages will be lost

1621986533890	geckodriver	INFO	Listening on 127.0.0.1:54266
1621986536942	mozrunner::runner	INFO	Running command: "C:\\Program Files (x86)\\Mozilla Firefox\\firefox.exe" "--marionette" "-foreground" "-no-remote" "-profile" "C:\\Users\\Kevin\\AppData\\Local\\Temp\\rust_mozprofileNegTIM"
1621986538749	Marionette	INFO	Marionette enabled
[GFX1-]: DoesD3D11TextureSharingWork_ColorMismatch
console.warn: SearchSettings: "get: No settings file exists, new profile?" (new Error("", "(unknown module)"))
console.error: Region.jsm: "Error fetching region" (new Error("TIMEOUT", "resource://gre/modules/Region.jsm", 772))
console.error: Region.jsm: "Failed to fetch region" (new Error("TIMEOUT", "resource://gre/modules/Region.jsm", 419))
1621986553833	Marionette	INFO	Listening on port 54274
1621986554067	Marionette	WARN	TLS certificate errors will be ignored for this session
1621986563683	Marionette	INFO	Stopped listening on port 54274
JavaScript error: resource://gre/modules/UrlClassifierListManager.jsm, line 691: TypeError: this.tablesData[table] is undefined

###!!! [Child][RunMessage] Error: Channel closing: too late to send/recv, messages will be lost

1621987905698	geckodriver	INFO	Listening on 127.0.0.1:56329
1621987908785	mozrunner::runner	INFO	Running command: "C:\\Program Files (x86)\\Mozilla Firefox\\firefox.exe" "--marionette" "-foreground" "-no-remote" "-profile" "C:\\Users\\Kevin\\AppData\\Local\\Temp\\rust_mozprofileF8za1x"
1621987911415	Marionette	INFO	Marionette enabled
[GFX1-]: DoesD3D11TextureSharingWork_ColorMismatch
console.warn: SearchSettings: "get: No settings file exists, new profile?" (new Error("", "(unknown module)"))
console.error: Region.jsm: "Error fetching region" (new Error("TIMEOUT", "resource://gre/modules/Region.jsm", 772))
console.error: Region.jsm: "Failed to fetch region" (new Error("TIMEOUT", "resource://gre/modules/Region.jsm", 419))
1621987928939	Marionette	INFO	Listening on port 56337
1621987929175	Marionette	WARN	TLS certificate errors will be ignored for this session
1621988036316	Marionette	INFO	Stopped listening on port 56337
1988031350	mozrunner::runner	INFO	Running command: "C:\\Program Files (x86)\\Mozilla Firefox\\firefox.exe" "--marionette" "-foreground" "-no-remote" "-profile" "C:\\Users\\Kevin\\AppData\\Local\\Temp\\rust_mozprofileJ7gmri"
1621988034568	Marionette	INFO	Marionette enabled
[GFX1-]: DoesD3D11TextureSharingWork_ColorMismatch
console.warn: SearchSettings: "get: No settings file exists, new profile?" (new Error("", "(unknown module)"))
console.error: Region.jsm: "Error fetching region" (new Error("TIMEOUT", "resource://gre/modules/Region.jsm", 772))
console.error: Region.jsm: "Failed to fetch region" (new Error("TIMEOUT", "resource://gre/modules/Region.jsm", 419))
1621988047684	Marionette	INFO	Listening on port 56415
1621988048141	Marionette	WARN	TLS certificate errors will be ignored for this session
[Parent 740, IPC I/O Parent] WARNING: file /builds/worker/checkouts/gecko/ipc/chromium/src/base/process_util_win.cc:167
1621988157860	Marionette	INFO	Stopped listening on port 56415
 "-foreground" "-no-remote" "-profile" "C:\\Users\\Kevin\\AppData\\Local\\Temp\\rust_mozprofilezZgBG9"
1621988086771	Marionette	INFO	Marionette enabled
[GFX1-]: DoesD3D11TextureSharingWork_ColorMismatch
console.warn: SearchSettings: "get: No settings file exists, new profile?" (new Error("", "(unknown module)"))
console.error: Region.jsm: "Error fetching region" (new AbortError("The operation was aborted. ", (void 0), 770))
console.error: Region.jsm: "Failed to fetch region" (new Error("NO_RESULT", "resource://gre/modules/Region.jsm", 419))
1621988106656	Marionette	INFO	Listening on port 56482
1621988106837	Marionette	WARN	TLS certificate errors will be ignored for this session
1621988157011	Marionette	INFO	Stopped listening on port 56482
1621988157849	geckodriver	INFO	Listening on 127.0.0.1:56556
1621988160879	mozrunner::runner	INFO	Running command: "C:\\Program Files (x86)\\Mozilla Firefox\\firefox.exe" "--marionette" "-foreground" "-no-remote" "-profile" "C:\\Users\\Kevin\\AppData\\Local\\Temp\\rust_mozprofileMLcoHh"
1621988164010	Marionette	INFO	Marionette enabled
[GFX1-]: DoesD3D11TextureSharingWork_ColorMismatch
console.warn: SearchSettings: "get: No settings file exists, new profile?" (new Error("", "(unknown module)"))
1621988176457	Marionette	INFO	Listening on port 56564
1621988176660	Marionette	WARN	TLS certificate errors will be ignored for this session
1621988235533	Marionette	INFO	Stopped listening on port 56564
1988211741	mozrunner::runner	INFO	Running command: "C:\\Program Files (x86)\\Mozilla Firefox\\firefox.exe" "--marionette" "-foreground" "-no-remote" "-profile" "C:\\Users\\Kevin\\AppData\\Local\\Temp\\rust_mozprofilegqDu2B"
1621988214370	Marionette	INFO	Marionette enabled
[GFX1-]: DoesD3D11TextureSharingWork_ColorMismatch
console.warn: SearchSettings: "get: No settings file exists, new profile?" (new Error("", "(unknown module)"))
1621988225685	Marionette	INFO	Listening on port 56630
1621988226220	Marionette	WARN	TLS certificate errors will be ignored for this session
1621988255725	Marionette	INFO	Stopped listening on port 56630

###!!! [Child][RunMessage] Error: Channel closing: too late to send/recv, messages will be lost

1621988257442	geckodriver	INFO	Listening on 127.0.0.1:56695
1621988260501	mozrunner::runner	INFO	Running command: "C:\\Program Files (x86)\\Mozilla Firefox\\firefox.exe" "--marionette" "-foreground" "-no-remote" "-profile" "C:\\Users\\Kevin\\AppData\\Local\\Temp\\rust_mozprofile2Wmxt9"
1621988262576	Marionette	INFO	Marionette enabled
[GFX1-]: DoesD3D11TextureSharingWork_ColorMismatch
console.warn: SearchSettings: "get: No settings file exists, new profile?" (new Error("", "(unknown module)"))
console.error: Region.jsm: "Error fetching region" (new Error("TIMEOUT", "resource://gre/modules/Region.jsm", 772))
console.error: Region.jsm: "Failed to fetch region" (new Error("TIMEOUT", "resource://gre/modules/Region.jsm", 419))
1621988284731	Marionette	INFO	Listening on port 56703
1621988285138	Marionette	WARN	TLS certificate errors will be ignored for this session
JavaScript error: resource:///modules/WindowsJumpLists.jsm, line 248: TypeError: this._builder is undefined
1621988403469	Marionette	INFO	Stopped listening on port 56703
1621988409322	geckodriver	INFO	Listening on 127.0.0.1:56793
1621988414908	mozrunner::runner	INFO	Running command: "C:\\Program Files (x86)\\Mozilla Firefox\\firefox.exe" "--marionette" "-foreground" "-no-remote" "-profile" "C:\\Users\\Kevin\\AppData\\Local\\Temp\\rust_mozprofileg9eLWh"
1621988421163	Marionette	INFO	Marionette enabled
[GFX1-]: DoesD3D11TextureSharingWork_ColorMismatch
console.warn: SearchSettings: "get: No settings file exists, new profile?" (new Error("", "(unknown module)"))
console.error: Region.jsm: "Error fetching region" (new Error("TIMEOUT", "resource://gre/modules/Region.jsm", 772))
console.error: Region.jsm: "Failed to fetch region" (new Error("TIMEOUT", "resource://gre/modules/Region.jsm", 419))
1621988436609	Marionette	INFO	Listening on port 56803
1621988437556	Marionette	WARN	TLS certificate errors will be ignored for this session
1621988494819	Marionette	INFO	Stopped listening on port 56803
1988494715	mozrunner::runner	INFO	Running command: "C:\\Program Files (x86)\\Mozilla Firefox\\firefox.exe" "--marionette" "-foreground" "-no-remote" "-profile" "C:\\Users\\Kevin\\AppData\\Local\\Temp\\rust_mozprofileRUDsBU"
1621988497982	Marionette	INFO	Marionette enabled
[GFX1-]: DoesD3D11TextureSharingWork_ColorMismatch
console.warn: SearchSettings: "get: No settings file exists, new profile?" (new Error("", "(unknown module)"))
1621988508907	Marionette	INFO	Listening on port 56881
1621988509135	Marionette	WARN	TLS certificate errors will be ignored for this session
1621988650978	Marionette	INFO	Stopped listening on port 56881
1988649767	mozrunner::runner	INFO	Running command: "C:\\Program Files (x86)\\Mozilla Firefox\\firefox.exe" "--marionette" "-foreground" "-no-remote" "-profile" "C:\\Users\\Kevin\\AppData\\Local\\Temp\\rust_mozprofile4O07HI"
1621988652377	Marionette	INFO	Marionette enabled
[GFX1-]: DoesD3D11TextureSharingWork_ColorMismatch
console.warn: SearchSettings: "get: No settings file exists, new profile?" (new Error("", "(unknown module)"))
1621988664217	Marionette	INFO	Listening on port 56956
1621988664359	Marionette	WARN	TLS certificate errors will be ignored for this session
1621988814172	Marionette	INFO	Stopped listening on port 56956
1988804227	mozrunner::runner	INFO	Running command: "C:\\Program Files (x86)\\Mozilla Firefox\\firefox.exe" "--marionette" "-foreground" "-no-remote" "-profile" "C:\\Users\\Kevin\\AppData\\Local\\Temp\\rust_mozprofileIiggWO"
1621988806162	Marionette	INFO	Marionette enabled
[GFX1-]: DoesD3D11TextureSharingWork_ColorMismatch
console.warn: SearchSettings: "get: No settings file exists, new profile?" (new Error("", "(unknown module)"))
console.error: Region.jsm: "Error fetching region" (new AbortError("The operation was aborted. ", (void 0), 770))
console.error: Region.jsm: "Failed to fetch region" (new Error("NO_RESULT", "resource://gre/modules/Region.jsm", 419))
1621988823083	Marionette	INFO	Listening on port 57030
1621988824229	Marionette	WARN	TLS certificate errors will be ignored for this session
1621988908166	Marionette	INFO	Stopped listening on port 57030

###!!! [Child][RunMessage] Error: Channel closing: too late to send/recv, messages will be lost

1621989658081	geckodriver	INFO	Listening on 127.0.0.1:57132
1621989661602	mozrunner::runner	INFO	Running command: "C:\\Program Files (x86)\\Mozilla Firefox\\firefox.exe" "--marionette" "-foreground" "-no-remote" "-profile" "C:\\Users\\Kevin\\AppData\\Local\\Temp\\rust_mozprofile6GjQTu"
1621989668958	Marionette	INFO	Marionette enabled
[GFX1-]: DoesD3D11TextureSharingWork_ColorMismatch
console.warn: SearchSettings: "get: No settings file exists, new profile?" (new Error("", "(unknown module)"))
1621989682446	Marionette	INFO	Listening on port 57140
1621989683170	Marionette	WARN	TLS certificate errors will be ignored for this session
1621989801055	Marionette	INFO	Stopped listening on port 57140
1989738589	mozrunner::runner	INFO	Running command: "C:\\Program Files (x86)\\Mozilla Firefox\\firefox.exe" "--marionette" "-foreground" "-no-remote" "-profile" "C:\\Users\\Kevin\\AppData\\Local\\Temp\\rust_mozprofiletn85Mq"
1621989740687	Marionette	INFO	Marionette enabled
[GFX1-]: DoesD3D11TextureSharingWork_ColorMismatch
console.warn: SearchSettings: "get: No settings file exists, new profile?" (new Error("", "(unknown module)"))
1621989751509	Marionette	INFO	Listening on port 57207
1621989752000	Marionette	WARN	TLS certificate errors will be ignored for this session
[Parent 12800, IPC I/O Parent] WARNING: file /builds/worker/checkouts/gecko/ipc/chromium/src/base/process_util_win.cc:167
JavaScript error: resource://gre/modules/CrashManager.jsm, line 833: NotAllowedError: Shutting down and refusing additional I/O tasks
1621989802937	Marionette	INFO	Stopped listening on port 57207
onette enabled
[GFX1-]: DoesD3D11TextureSharingWork_ColorMismatch
console.warn: SearchSettings: "get: No settings file exists, new profile?" (new Error("", "(unknown module)"))
console.error: Region.jsm: "Error fetching region" (new Error("TIMEOUT", "resource://gre/modules/Region.jsm", 772))
console.error: Region.jsm: "Failed to fetch region" (new Error("TIMEOUT", "resource://gre/modules/Region.jsm", 419))
1621989815660	Marionette	INFO	Listening on port 57274
1621989818091	Marionette	WARN	TLS certificate errors will be ignored for this session
1621990009051	Marionette	INFO	Stopped listening on port 57274
1989983762	mozrunner::runner	INFO	Running command: "C:\\Program Files (x86)\\Mozilla Firefox\\firefox.exe" "--marionette" "-foreground" "-no-remote" "-profile" "C:\\Users\\Kevin\\AppData\\Local\\Temp\\rust_mozprofilepJn6rb"
1621989986037	Marionette	INFO	Marionette enabled
[GFX1-]: DoesD3D11TextureSharingWork_ColorMismatch
console.warn: SearchSettings: "get: No settings file exists, new profile?" (new Error("", "(unknown module)"))
console.error: Region.jsm: "Error fetching region" (new Error("TIMEOUT", "resource://gre/modules/Region.jsm", 772))
console.error: Region.jsm: "Failed to fetch region" (new Error("TIMEOUT", "resource://gre/modules/Region.jsm", 419))
1621990000856	Marionette	INFO	Listening on port 57352
1621990001005	Marionette	WARN	TLS certificate errors will be ignored for this session
1621990139811	Marionette	INFO	Stopped listening on port 57352

###!!! [Child][RunMessage] Error: Channel closing: too late to send/recv, messages will be lost

1621990795084	geckodriver	INFO	Listening on 127.0.0.1:62378
1621990798141	mozrunner::runner	INFO	Running command: "C:\\Program Files (x86)\\Mozilla Firefox\\firefox.exe" "--marionette" "-foreground" "-no-remote" "-profile" "C:\\Users\\Kevin\\AppData\\Local\\Temp\\rust_mozprofile6BfqFk"
1621990801155	Marionette	INFO	Marionette enabled
[GFX1-]: DoesD3D11TextureSharingWork_ColorMismatch
console.warn: SearchSettings: "get: No settings file exists, new profile?" (new Error("", "(unknown module)"))
1621990810736	Marionette	INFO	Listening on port 62386
1621990811003	Marionette	WARN	TLS certificate errors will be ignored for this session

###!!! [Child][RunMessage] Error: Channel closing: too late to send/recv, messages will be lost


###!!! [Child][RunMessage] Error: Channel closing: too late to send/recv, messages will be lost

1621990824401	Marionette	INFO	Stopped listening on port 62386
JavaScript error: resource://gre/modules/UrlClassifierListManager.jsm, line 691: TypeError: this.tablesData[table] is undefined

###!!! [Child][RunMessage] Error: Channel closing: too late to send/recv, messages will be lost

1621990865577	geckodriver	INFO	Listening on 127.0.0.1:62456
1621990868623	mozrunner::runner	INFO	Running command: "C:\\Program Files (x86)\\Mozilla Firefox\\firefox.exe" "--marionette" "-foreground" "-no-remote" "-profile" "C:\\Users\\Kevin\\AppData\\Local\\Temp\\rust_mozprofilepVGEFM"
1621990870382	Marionette	INFO	Marionette enabled
[GFX1-]: DoesD3D11TextureSharingWork_ColorMismatch
console.warn: SearchSettings: "get: No settings file exists, new profile?" (new Error("", "(unknown module)"))
1621990880606	Marionette	INFO	Listening on port 62464
1621990880976	Marionette	WARN	TLS certificate errors will be ignored for this session
1621990893693	Marionette	INFO	Stopped listening on port 62464
JavaScript error: resource://gre/modules/UrlClassifierListManager.jsm, line 691: TypeError: this.tablesData[table] is undefined

###!!! [Child][RunMessage] Error: Channel closing: too late to send/recv, messages will be lost

