1622145165687	geckodriver	INFO	Listening on 127.0.0.1:56630
1622145169370	mozrunner::runner	INFO	Running command: "C:\\Program Files (x86)\\Mozilla Firefox\\firefox.exe" "--marionette" "-foreground" "-no-remote" "-profile" "C:\\Users\\Kevin\\AppData\\Local\\Temp\\rust_mozprofileZMPaij"
1622145186962	Marionette	INFO	Marionette enabled
[GFX1-]: DoesD3D11TextureSharingWork_ColorMismatch
console.warn: SearchSettings: "get: No settings file exists, new profile?" (new Error("", "(unknown module)"))
console.error: Region.jsm: "Error fetching region" (new Error("TIMEOUT", "resource://gre/modules/Region.jsm", 772))
console.error: Region.jsm: "Failed to fetch region" (new Error("TIMEOUT", "resource://gre/modules/Region.jsm", 419))
1622145257771	Marionette	INFO	Listening on port 50503
[Parent 10544, IPC I/O Parent] WARNING: file /builds/worker/checkouts/gecko/ipc/chromium/src/base/process_util_win.cc:167
1622145344820	Marionette	INFO	Stopped listening on port 50503

###!!! [Child][RunMessage] Error: Channel closing: too late to send/recv, messages will be lost

.exe" "--marionette" "-foreground" "-no-remote" "-profile" "C:\\Users\\Kevin\\AppData\\Local\\Temp\\rust_mozprofileEOzKSX"
1622145337897	Marionette	INFO	Marionette enabled
[GFX1-]: DoesD3D11TextureSharingWork_ColorMismatch
JavaScript error: , line 0: UnknownError: The operation failed for reasons unrelated to the database itself and not covered by any other error code.
JavaScript error: resource://gre/modules/AsyncShutdown.jsm, line 575: uncaught exception: Object

###!!! [Child][RunMessage] Error: Channel closing: too late to send/recv, messages will be lost

1622145370527	geckodriver	INFO	Listening on 127.0.0.1:62848
1622145373673	mozrunner::runner	INFO	Running command: "C:\\Program Files (x86)\\Mozilla Firefox\\firefox.exe" "--marionette" "-foreground" "-no-remote" "-profile" "C:\\Users\\Kevin\\AppData\\Local\\Temp\\rust_mozprofileVm42jV"
1622145376133	Marionette	INFO	Marionette enabled
[GFX1-]: DoesD3D11TextureSharingWork_ColorMismatch
console.warn: SearchSettings: "get: No settings file exists, new profile?" (new Error("", "(unknown module)"))
console.error: Region.jsm: "Error fetching region" (new Error("TIMEOUT", "resource://gre/modules/Region.jsm", 772))
console.error: Region.jsm: "Failed to fetch region" (new Error("TIMEOUT", "resource://gre/modules/Region.jsm", 419))
1622145389108	Marionette	INFO	Listening on port 51621
1622145390104	Marionette	WARN	TLS certificate errors will be ignored for this session
1622146339802	Marionette	INFO	Stopped listening on port 51621
1622146347380	geckodriver	INFO	Listening on 127.0.0.1:51441
1622146350445	mozrunner::runner	INFO	Running command: "C:\\Program Files (x86)\\Mozilla Firefox\\firefox.exe" "--marionette" "-foreground" "-no-remote" "-profile" "C:\\Users\\Kevin\\AppData\\Local\\Temp\\rust_mozprofileWB3IFC"
1622146355967	Marionette	INFO	Marionette enabled
[GFX1-]: DoesD3D11TextureSharingWork_ColorMismatch
console.warn: SearchSettings: "get: No settings file exists, new profile?" (new Error("", "(unknown module)"))
console.error: Region.jsm: "Error fetching region" (new AbortError("The operation was aborted. ", (void 0), 770))
console.error: Region.jsm: "Failed to fetch region" (new Error("NO_RESULT", "resource://gre/modules/Region.jsm", 419))
1622146380612	Marionette	INFO	Listening on port 51449
1622146381159	Marionette	WARN	TLS certificate errors will be ignored for this session
[Parent 6756, IPC I/O Parent] WARNING: file /builds/worker/checkouts/gecko/ipc/chromium/src/base/process_util_win.cc:167
1622146443768	Marionette	INFO	Stopped listening on port 51441622146445208	mozrunner::runner	INFO	Running command: "C:\\Program Files (x86)\\Mozilla Firefox\\firefox.exe" "--marionette" "-foreground" "-no-remote" "-profile" "C:\\Users\\Kevin\\AppData\\Local\\Temp\\rust_mozprofilevvkYI0"
1622146447716	Marionette	INFO	Marionette enabled
[GFX1-]: DoesD3D11TextureSharingWork_ColorMismatch
console.warn: SearchSettings: "get: No settings file exists, new profile?" (new Error("", "(unknown module)"))
1622146468694	Marionette	INFO	Listening on port 54045
console.error: Region.jsm: "Error fetching region" (new Error("TIMEOUT", "resource://gre/modules/Region.jsm", 772))
console.error: Region.jsm: "Failed to fetch region" (new Error("TIMEOUT", "resource://gre/modules/Region.jsm", 419))
1622146468802	Marionette	WARN	TLS certificate errors will be ignored for this session
1622146490481	Marionette	INFO	Stopped listening on port 54045

###!!! [Child][RunMessage] Error: Channel closing: too late to send/recv, messages will be lost

.exe" "--marionette" "-foreground" "-no-remote" "-profile" "C:\\Users\\Kevin\\AppData\\Local\\Temp\\rust_mozprofile6jVIVI"
1622146489346	Marionette	INFO	Marionette enabled
[GFX1-]: DoesD3D11TextureSharingWork_ColorMismatch
console.warn: SearchSettings: "get: No settings file exists, new profile?" (new Error("", "(unknown module)"))
console.error: Region.jsm: "Error fetching region" (new Error("TIMEOUT", "resource://gre/modules/Region.jsm", 772))
console.error: Region.jsm: "Failed to fetch region" (new Error("TIMEOUT", "resource://gre/modules/Region.jsm", 419))
1622146504873	Marionette	INFO	Listening on port 54402
1622146505131	Marionette	WARN	TLS certificate errors will be ignored for this session
[Parent 8876, IPC I/O Parent] WARNING: file /builds/worker/checkouts/gecko/ipc/chromium/src/base/process_util_win.cc:167
[Parent 8876, IPC I/O Parent] WARNING: file /builds/worker/checkouts/gecko/ipc/chromium/src/base/process_util_win.cc:167
[Parent 8876, IPC I/O Parent] WARNING: file /builds/worker/checkouts/gecko/ipc/chromium/src/base/process_util_win.cc:167
1622146789039	Marionette	INFO	Stopped listening on port 54402

###!!! [Child][RunMessage] Error: Channel closing: too late to send/recv, messages will be lost

rror fetching region" (new AbortError("The operation was aborted. ", (void 0), 770))
console.error: Region.jsm: "Failed to fetch region" (new Error("NO_RESULT", "resource://gre/modules/Region.jsm", 419))
1622146643540	Marionette	INFO	Listening on port 65227
1622146643912	Marionette	WARN	TLS certificate errors will be ignored for this session
[Parent 3128, IPC I/O Parent] WARNING: file /builds/worker/checkouts/gecko/ipc/chromium/src/base/process_util_win.cc:167
[Parent 3128, IPC I/O Parent] WARNING: file /builds/worker/checkouts/gecko/ipc/chromium/src/base/process_util_win.cc:167
1622146789118	Marionette	INFO	Stopped listening on port 65221622146791157	mozrunner::runner	INFO	Running command: "C:\\Program Files (x86)\\Mozilla Firefox\\firefox.exe" "--marionette" "-foreground" "-no-remote" "-profile" "C:\\Users\\Kevin\\AppData\\Local\\Temp\\rust_mozprofilekXdluY"
1622146797765	Marionette	INFO	Marionette enabled
[GFX1-]: DoesD3D11TextureSharingWork_ColorMismatch
console.warn: SearchSettings: "get: No settings file exists, new profile?" (new Error("", "(unknown module)"))
[Parent 6604, IPC I/O Parent] WARNING: file /builds/worker/checkouts/gecko/ipc/chromium/src/base/process_util_win.cc:167
console.error: Region.jsm: "Error fetching region" (new Error("TIMEOUT", "resource://gre/modules/Region.jsm", 772))
console.error: Region.jsm: "Failed to fetch region" (new Error("TIMEOUT", "resource://gre/modules/Region.jsm", 419))
1622146811905	Marionette	INFO	Listening on port 52282
1622146812109	Marionette	WARN	TLS certificate errors will be ignored for this session
1622146916676	Marionette	INFO	Stopped listening on port 52282

###!!! [Child][RunMessage] Error: Channel closing: too late to send/recv, messages will be lost

.exe" "--marionette" "-foreground" "-no-remote" "-profile" "C:\\Users\\Kevin\\AppData\\Local\\Temp\\rust_mozprofileb6LyvN"
1622146913137	Marionette	INFO	Marionette enabled
[GFX1-]: DoesD3D11TextureSharingWork_ColorMismatch
console.warn: SearchSettings: "get: No settings file exists, new profile?" (new Error("", "(unknown module)"))
1622146927301	Marionette	INFO	Listening on port 54913
1622146927404	Marionette	WARN	TLS certificate errors will be ignored for this session
[Parent 5808, IPC I/O Parent] WARNING: file /builds/worker/c1622147037846	mozrunner::runner	INFO	Running command: "C:\\Pro1622147041894	Marionette	INFO	Stopped listening on port 54913

###!!! [Child][RunMessage] Error: Channel closing: too late to send/recv, messages will be lost


1622147039668	Marionette	INFO	Marionette enabled
[GFX1-]: DoesD3D11TextureSharingWork_ColorMismatch
console.warn: SearchSettings: "get: No settings file exists, new profile?" (new Error("", "(unknown module)"))
console.error: Region.jsm: "Error fetching region" (new Error("TIMEOUT", "resource://gre/modules/Region.jsm", 772))
console.error: Region.jsm: "Failed to fetch region" (new Error("TIMEOUT", "resource://gre/modules/Region.jsm", 419))
1622147054426	Marionette	INFO	Listening on port 58069
1622147054597	Marionette	WARN	TLS certificate errors will be ignored for this session
1622147135061	Marionette	INFO	Stopped listening on port 58069
2147130027	mozrunner::runner	INFO	Running command: "C:\\Program Files (x86)\\Mozilla Firefox\\firefox.exe" "--marionette" "-foreground" "-no-remote" "-profile" "C:\\Users\\Kevin\\AppData\\Local\\Temp\\rust_mozprofile36RzLo"
1622147132192	Marionette	INFO	Marionette enabled
[GFX1-]: DoesD3D11TextureSharingWork_ColorMismatch
console.warn: SearchSettings: "get: No settings file exists, new profile?" (new Error("", "(unknown module)"))
console.error: Region.jsm: "Error fetching region" (new Error("TIMEOUT", "resource://gre/modules/Region.jsm", 772))
console.error: Region.jsm: "Failed to fetch region" (new Error("TIMEOUT", "resource://gre/modules/Region.jsm", 419))
1622147145378	Marionette	INFO	Listening on port 61603
1622147145741	Marionette	WARN	TLS certificate errors will be ignored for this session
1622147226527	Marionette	INFO	Stopped listening on port 61603

###!!! [Child][RunMessage] Error: Channel closing: too late to send/recv, messages will be lost

.exe" "--marionette" "-foreground" "-no-remote" "-profile" "C:\\Users\\Kevin\\AppData\\Local\\Temp\\rust_mozprofile6Qch5s"
1622147227208	Marionette	INFO	Marionette enabled
[GFX1-]: DoesD3D11TextureSharingWork_ColorMismatch
console.warn: SearchSettings: "get: No settings file exists, new profile?" (new Error("", "(unknown module)"))
1622147239955	Marionette	INFO	Listening on port 55392
1622147242936	Marionette	WARN	TLS certificate errors will be ignored for this session
1622147299892	Marionette	INFO	Stopped listening on port 55392

###!!! [Child][RunMessage] Error: Channel closing: too late to send/recv, messages will be lost

.exe" "--marionette" "-foreground" "-no-remote" "-profile" "C:\\Users\\Kevin\\AppData\\Local\\Temp\\rust_mozprofileBchoon"
1622147298108	Marionette	INFO	Marionette enabled
[GFX1-]: DoesD3D11TextureSharingWork_ColorMismatch
console.warn: SearchSettings: "get: No settings file exists, new profile?" (new Error("", "(unknown module)"))
console.error: Region.jsm: "Error fetching region" (new Error("TIMEOUT", "resource://gre/modules/Region.jsm", 772))
console.error: Region.jsm: "Failed to fetch region" (new Error("TIMEOUT", "resource://gre/modules/Region.jsm", 419))
1622147315066	Marionette	INFO	Listening on port 51784
1622147315487	Marionette	WARN	TLS certificate errors will be ignored for this session
1622147358623	Marionette	INFO	Stopped listening on port 51784

###!!! [Child][RunMessage] Error: Channel closing: too late to send/recv, messages will be lost

1622147371855	geckodriver	INFO	Listening on 127.0.0.1:62361
1622147374980	mozrunner::runner	INFO	Running command: "C:\\Program Files (x86)\\Mozilla Firefox\\firefox.exe" "--marionette" "-foreground" "-no-remote" "-profile" "C:\\Users\\Kevin\\AppData\\Local\\Temp\\rust_mozprofile0jhQaZ"
1622147379681	Marionette	INFO	Marionette enabled
[GFX1-]: DoesD3D11TextureSharingWork_ColorMismatch
console.warn: SearchSettings: "get: No settings file exists, new profile?" (new Error("", "(unknown module)"))
1622147390601	Marionette	INFO	Listening on port 62369
1622147391246	Marionette	WARN	TLS certificate errors will be ignored for this session
[Parent 9900, IPC I/O Parent] WARNING: file /builds/worker/checkouts/gecko/ipc/chromium/src/base/process_util_win.cc:167
[Parent 9900, IPC I/O Parent] WARNING: file /builds/worker/checkouts/gecko/ipc/chromium/src/base/process_util_win.cc:167
1622147564901	Marionette	INFO	Stopped listening on port 62369
1622147568396	geckodriver	INFO	Listening on 127.0.0.1:58287
1622147571396	mozrunner::runner	INFO	Running command: "C:\\Program Files (x86)\\Mozilla Firefox\\firefox.exe" "--marionette" "-foreground" "-no-remote" "-profile" "C:\\Users\\Kevin\\AppData\\Local\\Temp\\rust_mozprofileOGXtNS"
1622147578673	Marionette	INFO	Marionette enabled
[GFX1-]: DoesD3D11TextureSharingWork_ColorMismatch
console.warn: SearchSettings: "get: No settings file exists, new profile?" (new Error("", "(unknown module)"))
console.error: Region.jsm: "Error fetching region" (new Error("TIMEOUT", "resource://gre/modules/Region.jsm", 772))
console.error: Region.jsm: "Failed to fetch region" (new Error("TIMEOUT", "resource://gre/modules/Region.jsm", 419))
1622147607584	Marionette	INFO	Listening on port 58295
1622147607781	Marionette	WARN	TLS certificate errors will be ignored for this session
1622147842519	Marionette	INFO	Stopped listening on port 58295

###!!! [Child][RunMessage] Error: Channel closing: too late to send/recv, messages will be lost

.exe" "--marionette" "-foreground" "-no-remote" "-profile" "C:\\Users\\Kevin\\AppData\\Local\\Temp\\rust_mozprofile00rFYt"
1622147819907	Marionette	INFO	Marionette enabled
[GFX1-]: DoesD3D11TextureSharingWork_ColorMismatch
[Parent 7820, IPC I/O Parent] WARNING: file /builds/worker/checkouts/gecko/ipc/chromium/src/base/process_util_win.cc:167
console.warn: SearchSettings: "get: No settings file exists, new profile?" (new Error("", "(unknown module)"))
1622147833100	Marionette	INFO	Listening on port 65405
console.error: Region.jsm: "Error fetching region" (new Error("TIMEOUT", "resource://gre/modules/Region.jsm", 772))
console.error: Region.jsm: "Failed to fetch region" (new Error("TIMEOUT", "resource://gre/modules/Region.jsm", 419))
1622147835491	Marionette	WARN	TLS certificate errors will be ignored for this session
1622147954907	Marionette	INFO	Stopped listening on port 65405

###!!! [Child][RunMessage] Error: Channel closing: too late to send/recv, messages will be lost

.exe" "--marionette" "-foreground" "-no-remote" "-profile" "C:\\Users\\Kevin\\AppData\\Local\\Temp\\rust_mozprofileTgG6Or"
1622147932615	Marionette	INFO	Marionette enabled
[GFX1-]: DoesD3D11TextureSharingWork_ColorMismatch
console.warn: SearchSettings: "get: No settings file exists, new profile?" (new Error("", "(unknown module)"))
console.error: Region.jsm: "Error fetching region" (new Error("TIMEOUT", "resource://gre/modules/Region.jsm", 772))
console.error: Region.jsm: "Failed to fetch region" (new Error("TIMEOUT", "resource://gre/modules/Region.jsm", 419))
1622147945888	Marionette	INFO	Listening on port 60622
1622147946087	Marionette	WARN	TLS certificate errors will be ignored for this session
[Parent 10552, IPC I/O Parent] WARNING: file /builds/worker/checkouts/gecko/ipc/chromium/src/base/process_util_win.cc:167
[Parent 10552, IPC I/O Parent] WARNING: file /builds/worker/checkouts/gecko/ipc/chromium/src/base/process_util_win.cc:167
console.warn: services.settings: Error retrieving the getLastModified timestamp from blocklists/addons-bloomfilters RemoteSettingsClient Message: Error: IndexedDB: blocklists/addons-bloomfilters getLastModified() IndexedDB:  execute() The application is shutting down
console.error: services.settings: 
  Message: [Exception... "AddonManager is not initialized"  nsresult: "0xc1f30001 (NS_ERROR_NOT_INITIALIZED)"  location: "JS frame :: resource://gre/modules/AddonManager.jsm :: getAddonsByTypes :: line 2786"  data: no]
  Stack:
    getAddonsByTypes@resource://gre/modules/AddonManager.jsm:2786:24
getAddonsByTypes@resource://gre/modules/AddonManager.jsm:4096:33
_onUpdate@resource://gre/modules/Blocklist.jsm:1546:37
observe@resource://gre/modules/AsyncShutdown.jsm:575:16

console.warn: services.settings: blocklists/plugins sync interrupted by shutdown
console.console.error: (new Error("SessionFile is closed", "resource:///moduleconsole.error: (new Error("SessionFile i1622148354649	Marionette	INFO	Stopped listening on port 57632

###!!! [Child][RunMessage] Error: Channel closing: too late to send/recv, messages will be lost

ionette	INFO	Listening on port 51000
1622148260610	Marionette	WARN	TLS certificate errors will be ignored for this session
[Parent 9824, IPC I/O Parent] WARNING: pipe error: 232: file /builds/worker/checkouts/gecko/ipc/chromium/src/chrome/common/ipc_channel_win.cc:544
1622148374160	Marionette	INFO	Stopped listening on port 51000

###!!! [Child][RunMessage] Error: Channel closing: too late to send/recv, messages will be lost

1622148389964	geckodriver	INFO	Listening on 127.0.0.1:54477
1622148393064	mozrunner::runner	INFO	Running command: "C:\\Program Files (x86)\\Mozilla Firefox\\firefox.exe" "--marionette" "-foreground" "-no-remote" "-profile" "C:\\Users\\Kevin\\AppData\\Local\\Temp\\rust_mozprofileC68Syh"
1622148401949	Marionette	INFO	Marionette enabled
[GFX1-]: DoesD3D11TextureSharingWork_ColorMismatch
console.warn: SearchSettings: "get: No settings file exists, new profile?" (new Error("", "(unknown module)"))
console.error: Region.jsm: "Error fetching region" (new AbortError("The operation was aborted. ", (void 0), 770))
console.error: Region.jsm: "Failed to fetch region" (new Error("NO_RESULT", "resource://gre/modules/Region.jsm", 419))
1622148420374	Marionette	INFO	Listening on port 54485
1622148420666	Marionette	WARN	TLS certificate errors will be ignored for this session
[Parent 1848, IPC I/O Parent] WARNING: file /builds/worker/c1622148452460	mozrunner::runner	INFO	Running command: "C:\\Pro1622148452625	Marionette	INFO	Stopped listening on port 54485

###!!! [Child][RunMessage] Error: Channel closing: too late to send/recv, messages will be lost


1622148453816	Marionette	INFO	Marionette enabled
[GFX1-]: DoesD3D11TextureSharingWork_ColorMismatch
console.warn: SearchSettings: "get: No settings file exists, new profile?" (new Error("", "(unknown module)"))
1622148464133	Marionette	INFO	Listening on port 54556
1622148464227	Marionette	WARN	TLS certificate errors will be ignored for this session
1622148527888	Marionette	INFO	Stopped listening on port 54556

###!!! [Child][RunMessage] Error: Channel closing: too late to send/recv, messages will be lost

1622148543329	geckodriver	INFO	Listening on 127.0.0.1:59502
1622148546438	mozrunner::runner	INFO	Running command: "C:\\Program Files (x86)\\Mozilla Firefox\\firefox.exe" "--marionette" "-foreground" "-no-remote" "-profile" "C:\\Users\\Kevin\\AppData\\Local\\Temp\\rust_mozprofilekkIXcD"
1622148548614	Marionette	INFO	Marionette enabled
[GFX1-]: DoesD3D11TextureSharingWork_ColorMismatch
console.warn: SearchSettings: "get: No settings file exists, new profile?" (new Error("", "(unknown module)"))
1622148573116	Marionette	INFO	Listening on port 59510
1622148573293	Marionette	WARN	TLS certificate errors will be ignored for this session
1622148968685	Marionette	INFO	Stopped listening on port 59510

###!!! [Child][RunMessage] Error: Channel closing: too late to send/recv, messages will be lost

.exe" "--marionette" "-foreground" "-no-remote" "-profile" "C:\\Users\\Kevin\\AppData\\Local\\Temp\\rust_mozprofilegr6HJl"
1622148969472	Marionette	INFO	Marionette enabled
[GFX1-]: DoesD3D11TextureSharingWork_ColorMismatch
console.warn: SearchSettings: "get: No settings file exists, new profile?" (new Error("", "(unknown module)"))
console.error: Region.jsm: "Error fetching region" (new Error("TIMEOUT", "resource://gre/modules/Region.jsm", 772))
console.error: Region.jsm: "Failed to fetch region" (new Error("TIMEOUT", "resource://gre/modules/Region.jsm", 419))
1622148981251	Marionette	INFO	Listening on port 61260
1622148981843	Marionette	WARN	TLS certificate errors will be ignored for this session
JavaScript error: resource://gre/modules/CrashManager.jsm, line 833: NotAllowedError: Shutting down and refusing additional I/O tasks
1622149032279	Marionette	INFO	Stopped listening on port 61260

###!!! [Child][RunMessage] Error: Channel closing: too late to send/recv, messages will be lost

1622154422783	geckodriver	INFO	Listening on 127.0.0.1:57377
1622154425836	mozrunner::runner	INFO	Running command: "C:\\Program Files (x86)\\Mozilla Firefox\\firefox.exe" "--marionette" "-foreground" "-no-remote" "-profile" "C:\\Users\\Kevin\\AppData\\Local\\Temp\\rust_mozprofileRS1WNQ"
1622154428002	Marionette	INFO	Marionette enabled
[GFX1-]: DoesD3D11TextureSharingWork_ColorMismatch
console.warn: SearchSettings: "get: No settings file exists, new profile?" (new Error("", "(unknown module)"))
console.error: Region.jsm: "Error fetching region" (new Error("TIMEOUT", "resource://gre/modules/Region.jsm", 772))
console.error: Region.jsm: "Failed to fetch region" (new Error("TIMEOUT", "resource://gre/modules/Region.jsm", 419))
1622154439566	Marionette	INFO	Listening on port 57385
1622154439688	Marionette	WARN	TLS certificate errors will be ignored for this session
1622154475969	Marionette	INFO	Stopped listening on port 57385

###!!! [Child][RunMessage] Error: Channel closing: too late to send/recv, messages will be lost

.exe" "--marionette" "-foreground" "-no-remote" "-profile" "C:\\Users\\Kevin\\AppData\\Local\\Temp\\rust_mozprofilezMvXB0"
1622154472355	Marionette	INFO	Marionette enabled
[GFX1-]: DoesD3D11TextureSharingWork_ColorMismatch
console.warn: SearchSettings: "get: No settings file exists, new profile?" (new Error("", "(unknown module)"))
console.error: Region.jsm: "Error fetching region" (new Error("TIMEOUT", "resource://gre/modules/Region.jsm", 772))
console.error: Region.jsm: "Failed to fetch region" (new Error("TIMEOUT", "resource://gre/modules/Region.jsm", 419))
1622154486621	Marionette	INFO	Listening on port 57450
1622154486807	Marionette	WARN	TLS certificate errors will be ignored for this session
1622154518818	Marionette	INFO	Stopped listening on port 57450

###!!! [Child][RunMessage] Error: Channel closing: too late to send/recv, messages will be lost

.exe" "--marionette" "-foreground" "-no-remote" "-profile" "C:\\Users\\Kevin\\AppData\\Local\\Temp\\rust_mozprofilegPiT4j"
1622154507359	Marionette	INFO	Marionette enabled
[GFX1-]: DoesD3D11TextureSharingWork_ColorMismatch
console.warn: SearchSettings: "get: No settings file exists, new profile?" (new Error("", "(unknown module)"))
JavaScript error: resource://activity-stream/lib/ActivityStreamPrefs.jsm, line 27: NS_ERROR_ILLEGAL_VALUE: Component returned failure code: 0x80070057 (NS_ERROR_ILLEGAL_VALUE) [nsIPrefBranch.removeObserver]
console.error: Region.jsm: "Error fetching region" (new TypeError("NetworkError when attempting to fetch resource.", ""))
console.error: Region.jsm: "Failed to fetch region" (new Error("NO_RESULT", "resource://gre/modules/Region.jsm", 419))
[Parent 7256, IPC I/O Parent] WARNING: file /builds/worker/checkouts/gecko/ipc/chromium/src/base/process_util_win.cc:167
console.log: "RemoteSettingsWorker error: Error: Can't import when we've started shutting down."
console.log: "RemoteSettingsWorker error: Error: Can't import when we've started shutting down."
console.log: "RemoteSettingsWorker error: Error: Can't import when we've started shutting down."
console.log: "RemoteSettingsWorker error: Error: Can't import when we've started shutting down."
console.error: "Could not load engine bing@search.mozilla.org: [Exception... \"AddonManager is not initialized\"  nsresult: \"0xc1f30001 (NS_ERROR_NOT_INITIALIZED)\"  location: \"JS frame :: resource://gre/modules/AddonManager.jsm :: installBuiltinAddon :: line 2550\"  data: no]"
console.error: "Could not load engine amazondotcom@search.mozilla.org: [Exception... \"AddonManager is not initialized\"  nsresult: \"0xc1f30001 (NS_ERROR_NOT_INITIALIZED)\"  location: \"JS frame :: resource://gre/modules/AddonManager.jsm :: installBuiltinAddon :: line 2550\"  data: no]"
console.error: "Could not load engine wikipedia@search.mozilla.org: [Exception... \"AddonManager is not initialized\"  nsresult: \"0xc1f30001 (NS_ERROR_NOT_INITIALIZED)\"  location: \"JS frame :: resource://gre/modules/AddonManager.jsm :: installBuiltinAddon :: line 2550\"  data: no]"
console.error: "Could not load engine ddg@search.mozilla.org: [Exception... \"AddonManager is not initialized\"  nsresult: \"0xc1f30001 (NS_ERROR_NOT_INITIALIZED)\"  location: \"JS frame :: resource://gre/modules/AddonManager.jsm :: installBuiltinAddon :: line 2550\"  data: no]"
console.error: "Could not load engine google@search.mozilla.org: [Exception... \"AddonManager is not initialized\"  nsresult: \"0xc1f30001 (NS_ERROR_NOT_INITIALIZED)\"  location: \"JS frame :: resource://gre/modules/AddonManager.jsm :: installBuiltinAddon :: line 2550\"  data: no]"
console.warn: SearchService: "_init: abandoning init due to shutting down"
JavaScript error: resource://gre/modules/AsyncShutdown.jsm, line 575: uncaught exception: 2147500036
JavaScript error: resource://gre/modules/AsyncShutdown.jsm, line 575: uncaught exception: 2147500036
JavaScript error: resource://gre/modules/AsyncShutdown.jsm, line 575: uncaught exception: 2147500036
JavaScript error: resource://activity-stream/lib/PlacesFeed.jsm, line 171: NS_ERROR_XPC_GS_RETURNED_FAILURE: ServiceManager::GetService returned failure code:
JavaScript error: resource://gre/modules/ExtensionSettingsStore.jsm, line 122: Error: The ExtensionSettingsStore was accessed before the initialize promise resolved.
JavaScript error: resource://gre/modules/AsyncShutdown.jsm, line 575: uncaught exception: 2147500036
JavaScript error: resource://gre/modules/AsyncShutdown.jsm, line 575: uncaught exception: 2147500036
JavaScript error: resource://gre/modules/AsyncShutdown.jsm, line 575: uncaught exception: Object

###!!! [Child][RunMessage] Error: Channel closing: too late to send/recv, messages will be lost

1622154527071	geckodriver	INFO	Listening on 127.0.0.1:57543
1622154530185	mozrunner::runner	INFO	Running command: "C:\\Program Files (x86)\\Mozilla Firefox\\firefox.exe" "--marionette" "-foreground" "-no-remote" "-profile" "C:\\Users\\Kevin\\AppData\\Local\\Temp\\rust_mozprofile6BryvG"
1622154531464	Marionette	INFO	Marionette enabled
[GFX1-]: DoesD3D11TextureSharingWork_ColorMismatch
console.warn: SearchSettings: "get: No settings file exists, new profile?" (new Error("", "(unknown module)"))
console.error: Region.jsm: "Error fetching region" (new Erro1622154544352	mozrunner::runner	INFO	Running command: "C:\\Program Files (x86)\\Mozilla Firefox\\firefox.exe" "--marionette" "-foreground" "-no-remote" "-profile" "C:\\Users\\Kevin\\AppData\\Local\\Temp\\rust_mozprofile4Mzoax"
162JavaScript error: resource://gre/modules/UrlClassifierListManager.jsm, line 691: TypeError: this.taconsole.warn: SearchSettings: 1622154562088	Marionette	INFO	Stopped listening on port 57551

###!!! [Child][Ruconsole.error: Region.jsm: "Error fetching region" (new Error("TIMEOUT", "resource://gre/modules/Region.jsm", 772))
console.error: Region.jsm: "Failed to fetch region" (new Error("TIMEOUT", "resource://gre/modules/Region.jsm", 419))
1622154565330	Marionette	INFO	Listening on port 57576
1622154566927	Marionette	WARN	TLS certificate errors will be ignored for this session
[Parent 7572, IPC I/O Parent] WARNING: file /builds/worker/checkouts/gecko/ipc/chromium/src/base/process_util_win.cc:167
1622154623329	Marionette	INFO	Stopped listening on port 57576

###!!! [Child][RunMessage] Error: Channel closing: too late to send/recv, messages will be lost

1622154638138	geckodriver	INFO	Listening on 127.0.0.1:57672
1622154641152	mozrunner::runner	INFO	Running command: "C:\\Program Files (x86)\\Mozilla Firefox\\firefox.exe" "--marionette" "-foreground" "-no-remote" "-profile" "C:\\Users\\Kevin\\AppData\\Local\\Temp\\rust_mozprofile52ZYHt"
1622154642934	Marionette	INFO	Marionette enabled
[GFX1-]: DoesD3D11TextureSharingWork_ColorMismatch
console.warn: SearchSettings: "get: No settings file exists, new profile?" (new Error("", "(unknown module)"))
console.error: Region.jsm: "Error fetching region" (new Error("TIMEOUT", "resource://gre/modules/Region.jsm", 772))
console.error: Region.jsm: "Failed to fetch region" (new Error("TIMEOUT", "resource://gre/modules/Region.jsm", 419))
1622154655590	Marionette	INFO	Listening on port 57680
1622154656076	Marionette	WARN	TLS certificate errors will be ignored for this session
1622154846487	Marionette	INFO	Stopped listening on port 57681622154846912	mozrunner::runner	INFO	Running command: "C:\\Program Files (x86)\\Mozilla Firefox\\firefox.exe" "--marionette" "-foreground" "-no-remote" "-profile" "C:\\Users\\Kevin\\AppData\\Local\\Temp\\rust_mozprofileHG7WCc"
1622154850875	Marionette	INFO	Marionette enabled
[GFX1-]: DoesD3D11TextureSharingWork_ColorMismatch
console.warn: SearchSettings: "get: No settings file exists, new profile?" (new Error("", "(unknown module)"))
console.error: Region.jsm: "Error fetching region" (new Error("TIMEOUT", "resource://gre/modules/Region.jsm", 772))
console.error: Region.jsm: "Failed to fetch region" (new Error("TIMEOUT", "resource://gre/modules/Region.jsm", 419))
1622154863127	Marionette	INFO	Listening on port 50241
1622154864185	Marionette	WARN	TLS certificate errors will be ignored for this session
[Parent 3888, IPC I/O Parent] WARNING: file /builds/worker/c1622155117501	mozrunner::runner	INFO	Running command: "C:\\Pro1622155120558	Marionette	INFO	Stopped listening on port 50241

###!!! [Child][RunMessage] Error: Channel closing: too late to send/recv, messages will be lost


1622155119726	Marionette	INFO	Marionette enabled
[GFX1-]: DoesD3D11TextureSharingWork_ColorMismatch
console.warn: SearchSettings: "get: No settings file exists, new profile?" (new Error("", "(unknown module)"))
console.error: Region.jsm: "Error fetching region" (new Error("TIMEOUT", "resource://gre/modules/Region.jsm", 772))
console.error: Region.jsm: "Failed to fetch region" (new Error("TIMEOUT", "resource://gre/modules/Region.jsm", 419))
1622155133057	Marionette	INFO	Listening on port 59879
1622155133553	Marionette	WARN	TLS certificate errors will be ignored for this session
1622155464028	Marionette	INFO	Stopped listening on port 59879

###!!! [Child][RunMessage] Error: Channel closing: too late to send/recv, messages will be lost

1622155556951	geckodriver	INFO	Listening on 127.0.0.1:54886
1622155560021	mozrunner::runner	INFO	Running command: "C:\\Program Files (x86)\\Mozilla Firefox\\firefox.exe" "--marionette" "-foreground" "-no-remote" "-profile" "C:\\Users\\Kevin\\AppData\\Local\\Temp\\rust_mozprofilez6dHhF"
1622155561537	Marionette	INFO	Marionette enabled
[GFX1-]: DoesD3D11TextureSharingWork_ColorMismatch
console.warn: SearchSettings: "get: No settings file exists, new profile?" (new Error("", "(unknown module)"))
console.error: Region.jsm: "Error fetching region" (new Error("TIMEOUT", "resource://gre/modules/Region.jsm", 772))
console.error: Region.jsm: "Failed to fetch region" (new Error("TIMEOUT", "resource://gre/modules/Region.jsm", 419))
1622155572175	Marionette	INFO	Listening on port 54894
1622155572470	Marionette	WARN	TLS certificate errors will be ignored for this session
1622155823187	Marionette	INFO	Stopped listening on port 54894

###!!! [Child][RunMessage] Error: Channel closing: too late to send/recv, messages will be lost

1622155864379	geckodriver	INFO	Listening on 127.0.0.1:54959
1622155867586	mozrunner::runner	INFO	Running command: "C:\\Program Files (x86)\\Mozilla Firefox\\firefox.exe" "--marionette" "-foreground" "-no-remote" "-profile" "C:\\Users\\Kevin\\AppData\\Local\\Temp\\rust_mozprofileQhAV5O"
1622155869040	Marionette	INFO	Marionette enabled
[GFX1-]: DoesD3D11TextureSharingWork_ColorMismatch
console.warn: SearchSettings: "get: No settings file exists, new profile?" (new Error("", "(unknown module)"))
1622155881390	Marionette	INFO	Listening on port 54967
console.error: Region.jsm: "Error fetching region" (new Error("TIMEOUT", "resource://gre/modules/Region.jsm", 772))
console.error: Region.jsm: "Failed to fetch region" (new Error("TIMEOUT", "resource://gre/modules/Region.jsm", 419))
1622155882670	Marionette	WARN	TLS certificate errors will be ignored for this session
1622156025285	Marionette	INFO	Stopped listening on port 54967

###!!! [Child][RunMessage] Error: Channel closing: too late to send/recv, messages will be lost

1622160433238	geckodriver	INFO	Listening on 127.0.0.1:54371
1622160436305	mozrunner::runner	INFO	Running command: "C:\\Program Files (x86)\\Mozilla Firefox\\firefox.exe" "--marionette" "-foreground" "-no-remote" "-profile" "C:\\Users\\Kevin\\AppData\\Local\\Temp\\rust_mozprofiled0MMcX"
1622160448742	Marionette	INFO	Marionette enabled
[GFX1-]: DoesD3D11TextureSharingWork_ColorMismatch
console.warn: SearchSettings: "get: No settings file exists, new profile?" (new Error("", "(unknown module)"))
console.error: Region.jsm: "Error fetching region" (new Error("TIMEOUT", "resource://gre/modules/Region.jsm", 772))
console.error: Region.jsm: "Failed to fetch region" (new Error("TIMEOUT", "resource://gre/modules/Region.jsm", 419))
1622160497565	Marionette	INFO	Listening on port 54379
[Parent 10112, IPC I/O Parent] WARNING: file /builds/worker/1622160541105	mozrunner::runner	INFO	Running command: "C:\\Program Files (x86)\\Mozilla Firefox\\firefox.exe" "--marionette" "-foreground" "-no-remote" "-profile" "C:\\Users\\Kevin\\AppD1622160542765	Marionette	INFO	Stopped lis1622160543729	Marionette	INFO	Marionette enabled
[GFX1-]: DoesD3D11TextureSharingWork_ColorMismatch
console.warn: SearchSettings: "get: No settings file exists, new profile?" (new Error("", "(unknown module)"))
1622160555062	Marionette	INFO	Listening on port 54924
1622160556168	Marionette	WARN	TLS certificate errors will be ignored for this session
1622160861267	Marionette	INFO	Stopped listening on port 54924
1622160868068	geckodriver	INFO	Listening on 127.0.0.1:57474
1622160871115	mozrunner::runner	INFO	Running command: "C:\\Program Files (x86)\\Mozilla Firefox\\firefox.exe" "--marionette" "-foreground" "-no-remote" "-profile" "C:\\Users\\Kevin\\AppData\\Local\\Temp\\rust_mozprofilenu7rYw"
1622160873221	Marionette	INFO	Marionette enabled
[GFX1-]: DoesD3D11TextureSharingWork_ColorMismatch
console.warn: SearchSettings: "get: No settings file exists, new profile?" (new Error("", "(unknown module)"))
[Parent 2632, IPC I/O Parent] WARNING: file /builds/worker/checkouts/gecko/ipc/chromium/src/base/process_util_win.cc:167
console.error: Region.jsm: "Error fetching region" (new Error("TIMEOUT", "resource://gre/modules/Region.jsm", 772))
console.error: Region.jsm: "Failed to fetch region" (new Error("TIMEOUT", "resource://gre/modules/Region.jsm", 419))
1622160886171	Marionette	INFO	Listening on port 57482
1622160886669	Marionette	WARN	TLS certificate errors will be ignored for this session
1622160917749	Marionette	INFO	Stopped listening on port 57482

###!!! [Child][RunMessage] Error: Channel closing: too late to send/recv, messages will be lost

.exe" "--marionette" "-foreground" "-no-remote" "-profile" "C:\\Users\\Kevin\\AppData\\Local\\Temp\\rust_mozprofileg8JrQD"
1622160916833	Marionette	INFO	Marionette enabled
[GFX1-]: DoesD3D11TextureSharingWork_ColorMismatch
console.warn: SearchSettings: "get: No settings file exists, new profile?" (new Error("", "(unknown module)"))
console.error: Region.jsm: "Error fetching region" (new Error("TIMEOUT", "resource://gre/modules/Region.jsm", 772))
console.error: Region.jsm: "Failed to fetch region" (new Error("TIMEOUT", "resource://gre/modules/Region.jsm", 419))
1622160927702	Marionette	INFO	Listening on port 57540
1622160928139	Marionette	WARN	TLS certificate errors will be ignored for this session
[Parent 8356, IPC I/O Parent] WARNING: file /builds/worker/c1622162300406	mozrunner::runner	INFO	Running command: "C:\\Program Files (x86)\\Mozilla Firefox\\firefox.exe" "--marionette" "-foreground" "-no-remote" "-profile" "C:\\Users\\Kevin\\AppData\\Local\\Temp\\rust_mozprofilerN5zxN"
1622162304627	Marionette	INFO	Marionette enabled
[GFX1-]: DoesD3D11TextureSharingWork_ColorMismatch
console.warn: SearchSettings: "get: No settings file exists, new profile?" (new Error("", "(unknown module)"))
1622162314625	Marionette	INFO	Listening on port 53834
1622162315059	Marionette	WARN	TLS certificate errors will be ignored for this session
1622162577611	Marionette	INFO	Stopped listening on port 53834
1622721454486	geckodriver	INFO	Listening on 127.0.0.1:60678
1622721457578	mozrunner::runner	INFO	Running command: "C:\\Program Files (x86)\\Mozilla Firefox\\firefox.exe" "--marionette" "-foreground" "-no-remote" "-profile" "C:\\Users\\Kevin\\AppData\\Local\\Temp\\rust_mozprofiler9dVxl"
1622721473804	Marionette	INFO	Marionette enabled
[GFX1-]: DoesD3D11TextureSharingWork_ColorMismatch
[Parent 11392, IPC I/O Parent] WARNING: file /builds/worker/checkouts/gecko/ipc/chromium/src/base/process_util_win.cc:167
console.warn: SearchSettings: "get: No settings file exists, new profile?" (new Error("", "(unknown module)"))
console.error: Region.jsm: "Error fetching region" (new Error("TIMEOUT", "resource://gre/modules/Region.jsm", 772))
console.error: Region.jsm: "Failed to fetch region" (new Error("TIMEOUT", "resource://gre/modules/Region.jsm", 419))
1622721534410	Marionette	INFO	Listening on port 62264
1622721556808	Marionette	INFO	Stopped listening on port 62264

###!!! [Child][RunMessage] Error: Channel closing: too late to send/recv, messages will be lost

1622721564732	geckodriver	INFO	Listening on 127.0.0.1:60138
1622721581497	geckodriver	INFO	Listening on 127.0.0.1:58529
1622721584638	mozrunner::runner	INFO	Running command: "C:\\Program Files (x86)\\Mozilla Firefox\\firefox.exe" "--marionette" "-foreground" "-no-remote" "-profile" "C:\\Users\\Kevin\\AppData\\Local\\Temp\\rust_mozprofileAb2yWp"
1622721591185	Marionette	INFO	Marionette enabled
[GFX1-]: DoesD3D11TextureSharingWork_ColorMismatch
console.warn: SearchSettings: "get: No settings file exists, new profile?" (new Error("", "(unknown module)"))
console.error: Region.jsm: "Error fetching region" (new Error("TIMEOUT", "resource://gre/modules/Region.jsm", 772))
console.error: Region.jsm: "Failed to fetch region" (new Error("TIMEOUT", "resource://gre/modules/Region.jsm", 419))
1622721638642	Marionette	INFO	Listening on port 61412
1622721639337	Marionette	WARN	TLS certificate errors will be ignored for this session
[Parent 860, IPC I/O Parent] WARNING: file /builds/worker/ch1622721790259	mozrunner::runner	INFO	Running command: "C:\\Program Files (x86)\\Mozilla Firefox\\firefox.exe" "--marionette" "-foreground" "-no-remote" "-profile" "C:\\Users\\Kevin\\1622721796119	Marionette	INFO	Stopped listening on port 61412

###!!! [Child][RunMessage] Error: Channel closing: too late to send/recv, messagesconsole.warn: SearchSettings: "get: No settings file exists, new profile?" (new Error("", "(unknown module)"))
1622721804815	Marionette	INFO	Listening on port 63688
1622721805115	Marionette	WARN	TLS certificate errors will be ignored for this session
[Parent 12936, IPC I/O Parent] WARNING: file /builds/worker/checkouts/gecko/ipc/chromium/src/base/process_util_win.cc:167
1622722432802	Marionette	INFO	Stopped listening on port 63688
-foreground" "-no-remote" "-profile" "C:\\Users\\Kevin\\AppData\\Local\\Temp\\rust_mozprofilef602WA"
1622722424931	Marionette	INFO	Marionette enabled
[GFX1-]: DoesD3D11TextureSharingWork_ColorMismatch
console.log: "RemoteSettingsWorker error: Error: Can't import when we've started shutting down."
JavaScript error: resource://gre/modules/JSONFile.jsm, line 196: Error: Data is not ready.
JavaScript error: resource:///modules/sessionstore/SessionCookies.jsm, line 198: NS_ERROR_NOT_AVAILABLE: Component returned failure code: 0x80040111 (NS_ERROR_NOT_AVAILABLE) [nsICookieManager.sessionCookies]
JavaScript error: resource://gre/modules/AsyncShutdown.jsm, line 575: uncaught exception: Object

###!!! [Child][RunMessage] Error: Channel closing: too late to send/recv, messages will be lost

1622722613526	geckodriver	INFO	Listening on 127.0.0.1:55521
1622722616729	mozrunner::runner	INFO	Running command: "C:\\Program Files (x86)\\Mozilla Firefox\\firefox.exe" "--marionette" "-foreground" "-no-remote" "-profile" "C:\\Users\\Kevin\\AppData\\Local\\Temp\\rust_mozprofileUPihgS"
1622722618690	Marionette	INFO	Marionette enabled
[GFX1-]: DoesD3D11TextureSharingWork_ColorMismatch
console.warn: SearchSettings: "get: No settings file exists, new profile?" (new Error("", "(unknown module)"))
console.error: Region.jsm: "Error fetching region" (new Error("TIMEOUT", "resource://gre/modules/Region.jsm", 772))
console.error: Region.jsm: "Failed to fetch region" (new Error("TIMEOUT", "resource://gre/modules/Region.jsm", 419))
1622722632923	Marionette	INFO	Listening on port 60602
1622722633346	Marionette	WARN	TLS certificate errors will be ignored for this session
1622723444752	Marionette	INFO	Stopped listening on port 60602

###!!! [Child][RunMessage] Error: Channel closing: too late to send/recv, messages will be lost

1622723445556	geckodriver	INFO	Listening on 127.0.0.1:50275
1622723448616	mozrunner::runner	INFO	Running command: "C:\\Program Files (x86)\\Mozilla Firefox\\firefox.exe" "--marionette" "-foreground" "-no-remote" "-profile" "C:\\Users\\Kevin\\AppData\\Local\\Temp\\rust_mozprofileBG9uw5"
1622723451705	Marionette	INFO	Marionette enabled
[GFX1-]: DoesD3D11TextureSharingWork_ColorMismatch
console.warn: SearchSettings: "get: No settings file exists, new profile?" (new Error("", "(unknown module)"))
console.error: Region.jsm: "Error fetching region" (new Error("TIMEOUT", "resource://gre/modules/Region.jsm", 772))
console.error: Region.jsm: "Failed to fetch region" (new Error("TIMEOUT", "resource://gre/modules/Region.jsm", 419))
1622723462560	Marionette	INFO	Listening on port 53547
1622723463016	Marionette	WARN	TLS certificate errors will be ignored for this session
1622724149516	Marionette	INFO	Stopped listening on port 53541622724149697	mozrunner::runner	INFO	Running command: "C:\\Program Files (x86)\\Mozilla Firefox\\firefox.exe" "--marionette" "-foreground" "-no-remote" "-profile" "C:\\Users\\Kevin\\AppData\\Local\\Temp\\rust_mozprofileZObEXE"
1622724152374	Marionette	INFO	Marionette enabled
[GFX1-]: DoesD3D11TextureSharingWork_ColorMismatch
console.warn: SearchSettings: "get: No settings file exists, new profile?" (new Error("", "(unknown module)"))
1622724160211	Marionette	INFO	Listening on port 59375
1622724160403	Marionette	WARN	TLS certificate errors will be ignored for this session
1622724211402	Marionette	INFO	Stopped listening on port 59375

###!!! [Child][RunMessage] Error: Channel closing: too late to send/recv, messages will be lost

.exe" "--marionette" "-foreground" "-no-remote" "-profile" "C:\\Users\\Kevin\\AppData\\Local\\Temp\\rust_mozprofile5ClcCd"
1622724213124	Marionette	INFO	Marionette enabled
[GFX1-]: DoesD3D11TextureSharingWork_ColorMismatch
console.warn: SearchSettings: "get: No settings file exists, new profile?" (new Error("", "(unknown module)"))
1622724222746	Marionette	INFO	Listening on port 63371
1622724223077	Marionette	WARN	TLS certificate errors will be ignored for this session
1622724272609	Marionette	INFO	Stopped listening on port 63371

###!!! [Child][RunMessage] Error: Channel closing: too late to send/recv, messages will be lost

1622724274013	geckodriver	INFO	Listening on 127.0.0.1:53651
1622724277091	mozrunner::runner	INFO	Running command: "C:\\Program Files (x86)\\Mozilla Firefox\\firefox.exe" "--marionette" "-foreground" "-no-remote" "-profile" "C:\\Users\\Kevin\\AppData\\Local\\Temp\\rust_mozprofilewgGqqH"
1622724278859	Marionette	INFO	Marionette enabled
[GFX1-]: DoesD3D11TextureSharingWork_ColorMismatch
console.warn: SearchSettings: "get: No settings file exists, new profile?" (new Error("", "(unknown module)"))
1622724287926	Marionette	INFO	Listening on port 61283
1622724289065	Marionette	WARN	TLS certificate errors will be ignored for this session
1622724297091	Marionette	INFO	Stopped listening on port 61283

###!!! [Child][RunMessage] Error: Channel closing: too late to send/recv, messages will be lost

1622724301876	geckodriver	INFO	Listening on 127.0.0.1:62960
1622724304929	mozrunner::runner	INFO	Running command: "C:\\Program Files (x86)\\Mozilla Firefox\\firefox.exe" "--marionette" "-foreground" "-no-remote" "-profile" "C:\\Users\\Kevin\\AppData\\Local\\Temp\\rust_mozprofileSHbdON"
1622724306581	Marionette	INFO	Marionette enabled
[GFX1-]: DoesD3D11TextureSharingWork_ColorMismatch
console.warn: SearchSettings: "get: No settings file exists, new profile?" (new Error("", "(unknown module)"))
1622724315550	Marionette	INFO	Listening on port 63715
1622724315600	Marionette	WARN	TLS certificate errors will be ignored for this session
1622724441085	Marionette	INFO	Stopped listening on port 63711622724441458	mozrunner::runner	INFO	Running command: "C:\\Program Files (x86)\\Mozilla Firefox\\firefox.exe" "--marionette" "-foreground" "-no-remote" "-profile" "C:\\Users\\Kevin\\AppData\\Local\\Temp\\rust_mozprofileQlP5v9"
1622724444584	Marionette	INFO	Marionette enabled
[GFX1-]: DoesD3D11TextureSharingWork_ColorMismatch
console.warn: SearchSettings: "get: No settings file exists, new profile?" (new Error("", "(unknown module)"))
1622724454652	Marionette	INFO	Listening on port 54542
1622724454924	Marionette	WARN	TLS certificate errors will be ignored for this session
1622724560140	Marionette	INFO	Stopped listening on port 54542

###!!! [Child][RunMessage] Error: Channel closing: too late to send/recv, messages will be lost

.exe" "--marionette" "-foreground" "-no-remote" "-profile" "C:\\Users\\Kevin\\AppData\\Local\\Temp\\rust_mozprofileoLYEfe"
1622724562382	Marionette	INFO	Marionette enabled
[GFX1-]: DoesD3D11TextureSharingWork_ColorMismatch
console.warn: SearchSettings: "get: No settings file exists, new profile?" (new Error("", "(unknown module)"))
1622724572100	Marionette	INFO	Listening on port 52582
1622724572541	Marionette	WARN	TLS certificate errors will be ignored for this session
1622724740964	Marionette	INFO	Stopped listening on port 52582

###!!! [Child][RunMessage] Error: Channel closing: too late to send/recv, messages will be lost

.exe" "--marionette" "-foreground" "-no-remote" "-profile" "C:\\Users\\Kevin\\AppData\\Local\\Temp\\rust_mozprofileFVEGT8"
1622724734590	Marionette	INFO	Marionette enabled
[GFX1-]: DoesD3D11TextureSharingWork_ColorMismatch
console.warn: SearchSettings: "get: No settings file exists, new profile?" (new Error("", "(unknown module)"))
1622724745770	Marionette	INFO	Listening on port 59363
1622724746058	Marionette	WARN	TLS certificate errors will be ignored for this session
1622724837062	Marionette	INFO	Stopped listening on port 59363

###!!! [Child][RunMessage] Error: Channel closing: too late to send/recv, messages will be lost

.exe" "--marionette" "-foreground" "-no-remote" "-profile" "C:\\Users\\Kevin\\AppData\\Local\\Temp\\rust_mozprofile7C395o"
1622724838071	Marionette	INFO	Marionette enabled
[GFX1-]: DoesD3D11TextureSharingWork_ColorMismatch
console.warn: SearchSettings: "get: No settings file exists, new profile?" (new Error("", "(unknown module)"))
1622724847108	Marionette	INFO	Listening on port 52290
1622724847166	Marionette	WARN	TLS certificate errors will be ignored for this session
1622724938709	Marionette	INFO	Stopped listening on port 52290

###!!! [Child][RunMessage] Error: Channel closing: too late to send/recv, messages will be lost

.exe" "--marionette" "-foreground" "-no-remote" "-profile" "C:\\Users\\Kevin\\AppData\\Local\\Temp\\rust_mozprofilesvVegl"
1622724944926	geckodriver	INFO	Listening on 127.0.0.1:57014
1622724948011	mozrunner::runner	INFO	Running command: "C:\\Program Files (x86)\\Mozilla Firefox\\firefox.exe" "--marionette" "-foreground" "-no-remote" "-profile" "C:\\Users\\Kevin\\AppData\\Local\\Temp\\rust_mozprofilerecuys"
1622724949380	Marionette	INFO	Marionette enabled
[GFX1-]: DoesD3D11TextureSharingWork_ColorMismatch
console.warn: SearchSettings: "get: No settings file exists, new profile?" (new Error("", "(unknown module)"))
console.error: Region.jsm: "Error fetching region" (new Error("TIMEOUT", "resource://gre/modules/Region.jsm", 772))
console.error: Region.jsm: "Failed to fetch region" (new Error("TIMEOUT", "resource://gre/modules/Region.jsm", 419))
1622724973971	Marionette	INFO	Listening on port 52293
1622724978596	Marionette	WARN	TLS certificate errors will be ignored for this session
[Parent 11668, IPC I/O Parent] WARNING: file /builds/worker/checkouts/gecko/ipc/chromium/src/base/process_util_win.cc:167
[Parent 11668, IPC I/O Parent] WARNING: file /builds/worker/checkouts/gecko/ipc/chromium/src/base/process_util_win.cc:167
1622725213834	Marionette	INFO	Stopped listening on port 52291622725216571	mozrunner::runner	INFO	Running command: "C:\\Program Files (x86)\\Mozilla Firefox\\firefox.exe" "--marionette" "-foreground" "-no-remote" "-profile" "C:\\Users\\Kevin\\AppData\\Local\\Temp\\rust_mozprofileRj51Ig"
1622725221198	Marionette	INFO	Marionette enabled
[GFX1-]: DoesD3D11TextureSharingWork_ColorMismatch
console.warn: SearchSettings: "get: No settings file exists, new profile?" (new Error("", "(unknown module)"))
1622725235042	Marionette	INFO	Listening on port 53353
1622725235334	Marionette	WARN	TLS certificate errors will be ignored for this session
[Parent 8044, IPC I/O Parent] WARNING: file /builds/worker/checkouts/gecko/ipc/chromium/src/base/process_util_win.cc:167
1622725370717	Marionette	INFO	Stopped listening on port 53353
"-foreground" "-no-remote" "-profile" "C:\\Users\\Kevin\\AppData\\Local\\Temp\\rust_mozprofilegz1C4H"
1622725368583	Marionette	INFO	Marionette enabled
[GFX1-]: DoesD3D11TextureSharingWork_ColorMismatch
console.warn: SearchSettings: "get: No settings file exists, new profile?" (new Error("", "(unknown module)"))
console.error: Region.jsm: "Error fetching region" (new Error("TIMEOUT", "resource://gre/modules/Region.jsm", 772))
console.error: Region.jsm: "Failed to fetch region" (new Error("TIMEOUT", "resource://gre/modules/Region.jsm", 419))
1622725380874	Marionette	INFO	Listening on port 62701
1622725381203	Marionette	WARN	TLS certificate errors will be ignored for this session
1622725430555	Marionette	INFO	Stopped listening on port 62701622725430594	mozrunner::runner	INFO	Running command: "C:\\Program Files (x86)\\Mozilla Firefox\\firefox.exe" "--marionette" "-foreground" "-no-remote" "-profile" "C:\\Users\\Kevin\\AppData\\Local\\Temp\\rust_mozprofileiKg3om"
1622725432509	Marionette	INFO	Marionette enabled
[GFX1-]: DoesD3D11TextureSharingWork_ColorMismatch
console.warn: SearchSettings: "get: No settings file exists, new profile?" (new Error("", "(unknown module)"))
1622725442405	Marionette	INFO	Listening on port 61324
1622725442933	Marionette	WARN	TLS certificate errors will be ignored for this session
1622725480675	Marionette	INFO	Stopped listening on port 61324
1622725485507	geckodriver	INFO	Listening on 127.0.0.1:53967
1622725488554	mozrunner::runner	INFO	Running command: "C:\\Program Files (x86)\\Mozilla Firefox\\firefox.exe" "--marionette" "-foreground" "-no-remote" "-profile" "C:\\Users\\Kevin\\AppData\\Local\\Temp\\rust_mozprofilekVTthp"
1622725490704	Marionette	INFO	Marionette enabled
[GFX1-]: DoesD3D11TextureSharingWork_ColorMismatch
console.warn: SearchSettings: "get: No settings file exists, new profile?" (new Error("", "(unknown module)"))
1622725500762	Marionette	INFO	Listening on port 54405
1622725501686	Marionette	WARN	TLS certificate errors will be ignored for this session
[Parent 1880, IPC I/O Parent] WARNING: file /builds/worker/checkouts/gecko/ipc/chromium/src/base/process_util_win.cc:167
1622725526970	Marionette	INFO	Stopped listening on port 54405
1622725528223	geckodriver	INFO	Listening on 127.0.0.1:52572
1622725531288	mozrunner::runner	INFO	Running command: "C:\\Program Files (x86)\\Mozilla Firefox\\firefox.exe" "--marionette" "-foreground" "-no-remote" "-profile" "C:\\Users\\Kevin\\AppData\\Local\\Temp\\rust_mozprofilewtpchy"
1622725533535	Marionette	INFO	Marionette enabled
[GFX1-]: DoesD3D11TextureSharingWork_ColorMismatch
console.warn: SearchSettings: "get: No settings file exists, new profile?" (new Error("", "(unknown module)"))
console.error: Region.jsm: "Error fetching region" (new Error("TIMEOUT", "resource://gre/modules/Region.jsm", 772))
console.error: Region.jsm: "Failed to fetch region" (new Error("TIMEOUT", "resource://gre/modules/Region.jsm", 419))
1622725545556	Marionette	INFO	Listening on port 59832
1622725546437	Marionette	WARN	TLS certificate errors will be ignored for this session
1622725636312	Marionette	INFO	Stopped listening on port 59832
1622725637555	geckodriver	INFO	Listening on 127.0.0.1:52428
1622725640613	mozrunner::runner	INFO	Running command: "C:\\Program Files (x86)\\Mozilla Firefox\\firefox.exe" "--marionette" "-foreground" "-no-remote" "-profile" "C:\\Users\\Kevin\\AppData\\Local\\Temp\\rust_mozprofile9DCL6p"
1622725642981	Marionette	INFO	Marionette enabled
[GFX1-]: DoesD3D11TextureSharingWork_ColorMismatch
console.warn: SearchSettings: "get: No settings file exists, new profile?" (new Error("", "(unknown module)"))
1622725651773	Marionette	INFO	Listening on port 52475
1622725651951	Marionette	WARN	TLS certificate errors will be ignored for this session
1622725690617	Marionette	INFO	Stopped listening on port 52475

###!!! [Child][RunMessage] Error: Channel closing: too late to send/recv, messages will be lost

1622725691437	geckodriver	INFO	Listening on 127.0.0.1:59029
1622725694499	mozrunner::runner	INFO	Running command: "C:\\Program Files (x86)\\Mozilla Firefox\\firefox.exe" "--marionette" "-foreground" "-no-remote" "-profile" "C:\\Users\\Kevin\\AppData\\Local\\Temp\\rust_mozprofileOujTyB"
1622725696708	Marionette	INFO	Marionette enabled
[GFX1-]: DoesD3D11TextureSharingWork_ColorMismatch
console.warn: SearchSettings: "get: No settings file exists, new profile?" (new Error("", "(unknown module)"))
1622725705438	Marionette	INFO	Listening on port 56247
1622725705851	Marionette	WARN	TLS certificate errors will be ignored for this session
JavaScript error: , line 0: NotFoundError: No such JSWindowActor 'MarionetteEvents'
JavaScript error: , line 0: NotFoundError: No such JSWindowActor 'MarionetteEvents'
JavaScript error: , line 0: NotFoundError: No such JSWindowActor 'MarionetteEvents'
JavaScript error: , line 0: NotFoundError: No such JSWindowActor 'MarionetteEvents'
1622725737177	Marionette	INFO	Stopped listening on port 56247

###!!! [Child][RunMessage] Error: Channel closing: too late to send/recv, messages will be lost

1622725825854	geckodriver	INFO	Listening on 127.0.0.1:57717
1622725828916	mozrunner::runner	INFO	Running command: "C:\\Program Files (x86)\\Mozilla Firefox\\firefox.exe" "--marionette" "-foreground" "-no-remote" "-profile" "C:\\Users\\Kevin\\AppData\\Local\\Temp\\rust_mozprofileXD0ceX"
1622725831782	Marionette	INFO	Marionette enabled
[GFX1-]: DoesD3D11TextureSharingWork_ColorMismatch
console.warn: SearchSettings: "get: No settings file exists, new profile?" (new Error("", "(unknown module)"))
1622725841878	Marionette	INFO	Listening on port 58778
1622725842371	Marionette	WARN	TLS certificate errors will be ignored for this session
[Parent 10368, IPC I/O Parent] WARNING: file /builds/worker/checkouts/gecko/ipc/chromium/src/base/process_util_win.cc:167
[Parent 10368, IPC I/O Parent] WARNING: file /builds/worker/checkouts/gecko/ipc/chromium/src/base/process_util_win.cc:167
[Parent 10368, IPC I/O Parent] WARNING: file /builds/worker/checkouts/gecko/ipc/chromium/src/base/process_util_win.cc:167
1622728202168	Marionette	INFO	Stopped listening on port 58778

###!!! [Child][RunMessage] Error: Channel closing: too late to send/recv, messages will be lost

JavaScript error: resource:///modules/sessionstore/SessionStore.jsm, line 5073: NS_ERROR_UNEXPECTED: Component returned failure code: 0x8000ffff (NS_ERROR_UNEXPECTED) [nsIWindowMediator.getEnumerator]
1622728256343	geckodriver	INFO	Listening on 127.0.0.1:61167
1622728259785	mozrunner::runner	INFO	Running command: "C:\\Program Files (x86)\\Mozilla Firefox\\firefox.exe" "--marionette" "-foreground" "-no-remote" "-profile" "C:\\Users\\Kevin\\AppData\\Local\\Temp\\rust_mozprofileNkgmGB"
1622728274369	Marionette	INFO	Marionette enabled
[GFX1-]: DoesD3D11TextureSharingWork_ColorMismatch

###!!! [Child][RunMessage] Error: Channel closing: too late to send/recv, messages will be lost

console.warn: SearchSettings: "get: No settings file exists, new profile?" (new Error("", "(unknown module)"))
console.error: Region.jsm: "Error fetching region" (new Error("TIMEOUT", "resource://gre/modules/Region.jsm", 772))
console.error: Region.jsm: "Failed to fetch region" (new Error("TIMEOUT", "resource://gre/modules/Region.jsm", 419))
1622728311426	Marionette	INFO	Listening on port 63137
1622728312289	Marionette	WARN	TLS certificate errors will be ignored for this session
[Parent 13524, IPC I/O Parent] WARNING: file /builds/worker/checkouts/gecko/ipc/chromium/src/base/process_util_win.cc:167
1622728350488	Marionette	INFO	Stopped listening on port 63137

###!!! [Child][RunMessage] Error: Channel closing: too late to send/recv, messages will be lost

1623183340511	geckodriver	INFO	Listening on 127.0.0.1:63997
1623183343652	mozrunner::runner	INFO	Running command: "C:\\Program Files (x86)\\Mozilla Firefox\\firefox.exe" "--marionette" "-foreground" "-no-remote" "-profile" "C:\\Users\\Kevin\\AppData\\Local\\Temp\\rust_mozprofileLhBAFy"
1623183357360	Marionette	INFO	Marionette enabled
[GFX1-]: DoesD3D11TextureSharingWork_ColorMismatch
console.warn: SearchSettings: "get: No settings file exists, new profile?" (new Error("", "(unknown module)"))
console.error: Region.jsm: "Error fetching region" (new Error("TIMEOUT", "resource://gre/modules/Region.jsm", 772))
console.error: Region.jsm: "Failed to fetch region" (new Error("TIMEOUT", "resource://gre/modules/Region.jsm", 419))
1623183424615	Marionette	INFO	Listening on port 55353
[Parent 2072, IPC I/O Parent] WARNING: file /builds/worker/c1623183464586	mozrunner::runner	INFO	Running command: "C:\\Program Files (x86)\\Mozilla Firefox\\firefox.exe" "--marionette" "-foreground" "-no-remote" "-profile" "C:\\Users\\Kevin\\Ap1623183465835	Marionette	INFO	Stopped liste1623183466427	Marionette	INFO	Marionette enabled
[GFX1-]: DoesD3D11TextureSharingWork_ColorMismatch
console.warn: SearchSettings: "get: No settings file exists, new profile?" (new Error("", "(unknown module)"))
console.error: Region.jsm: "Error fetching region" (new Error("TIMEOUT", "resource://gre/modules/Region.jsm", 772))
console.error: Region.jsm: "Failed to fetch region" (new Error("TIMEOUT", "resource://gre/modules/Region.jsm", 419))
1623183477930	Marionette	INFO	Listening on port 52534
1623183478930	Marionette	WARN	TLS certificate errors will be ignored for this session
[Parent 7128, IPC I/O Parent] WARNING: file /builds/worker/checkouts/gecko/ipc/chromium/src/base/process_util_win.cc:167
1623183601736	Marionette	INFO	Stopped listening on port 52534

###!!! [Child][RunMessage] Error: Channel closing: too late to send/recv, messages will be lost

1623183642124	geckodriver	INFO	Listening on 127.0.0.1:53098
1623183645323	mozrunner::runner	INFO	Running command: "C:\\Program Files (x86)\\Mozilla Firefox\\firefox.exe" "--marionette" "-foreground" "-no-remote" "-profile" "C:\\Users\\Kevin\\AppData\\Local\\Temp\\rust_mozprofileKLFe7C"
1623183648197	Marionette	INFO	Marionette enabled
[GFX1-]: DoesD3D11TextureSharingWork_ColorMismatch
console.warn: SearchSettings: "get: No settings file exists, new profile?" (new Error("", "(unknown module)"))
console.error: Region.jsm: "Error fetching region" (new Error("TIMEOUT", "resource://gre/modules/Region.jsm", 772))
console.error: Region.jsm: "Failed to fetch region" (new Error("TIMEOUT", "resource://gre/modules/Region.jsm", 419))
1623183660042	Marionette	INFO	Listening on port 56325
1623183661993	Marionette	WARN	TLS certificate errors will be ignored for this session
1623184790269	Marionette	INFO	Stopped listening on port 56325
3184672563	mozrunner::runner	INFO	Running command: "C:\\Program Files (x86)\\Mozilla Firefox\\firefox.exe" "--marionette" "-foreground" "-no-remote" "-profile" "C:\\Users\\Kevin\\AppData\\Local\\Temp\\rust_mozprofile3Djvyb"
1623184678809	Marionette	INFO	Marionette enabled
[GFX1-]: DoesD3D11TextureSharingWork_ColorMismatch
[Parent 5768, IPC I/O Parent] WARNING: file /builds/worker/checkouts/gecko/ipc/chromium/src/base/process_util_win.cc:167
[Parent 5768, IPC I/O Parent] WARNING: file /builds/worker/checkouts/gecko/ipc/chromium/src/base/process_util_win.cc:167
[Parent 5768, IPC I/O Parent] WARNING: file /builds/worker/checkouts/gecko/ipc/chromium/src/base/process_util_win.cc:167
JavaScript error: resource://gre/modules/AsyncShutdown.jsm, line 575: uncaught exception: Object
JavaScript error: resource:///modules/sessionstore/SessionCookies.jsm, line 198: NS_ERROR_NOT_AVAILABLE: Component returned failure code: 0x80040111 (NS_ERROR_NOT_AVAILABLE) [nsICookieManager.sessionCookies]
1623184779174	geckodriver	INFO	Listening on 127.0.0.1:63473
1623184782299	mozrunner::runner	INFO	Running command: "C:\\Program Files (x86)\\Mozilla Firefox\\firefox.exe" "--marionette" "-foreground" "-no-remote" "-profile" "C:\\Users\\Kevin\\AppData\\Local\\Temp\\rust_mozprofilelSPdxh"
1623184785999	Marionette	INFO	Marionette enabled
[GFX1-]: DoesD3D11TextureSharingWork_ColorMismatch
console.warn: SearchSettings: "get: No settings file exists, new profile?" (new Error("", "(unknown module)"))
console.error: Region.jsm: "Error fetching region" (new Error("TIMEOUT", "resource://gre/modules/Region.jsm", 772))
console.error: Region.jsm: "Failed to fetch region" (new Error("TIMEOUT", "resource://gre/modules/Region.jsm", 419))
1623184802427	Marionette	INFO	Listening on port 63482
1623184802819	Marionette	WARN	TLS certificate errors will be ignored for this session
console.error: (new Error("SessionFile is closed", "resource:///modules/sessionstore/SessionFile.jsm", 433))
1623185084661	Marionette	INFO	Stopped listening on port 63482
marionette" "-foreground" "-no-remote" "-profile" "C:\\Users\\Kevin\\AppData\\Local\\Temp\\rust_mozprofiledulmuR"
1623184847197	Marionette	INFO	Marionette enabled
[GFX1-]: DoesD3D11TextureSharingWork_ColorMismatch
console.warn: SearchSettings: "get: No settings file exists, new profile?" (new Error("", "(unknown module)"))
console.error: Region.jsm: "Error fetching region" (new Error("TIMEOUT", "resource://gre/modules/Region.jsm", 772))
console.error: Region.jsm: "Failed to fetch region" (new Error("TIMEOUT", "resource://gre/modules/Region.jsm", 419))
1623184860896	Marionette	INFO	Listening on port 50275
1623184861126	Marionette	WARN	TLS certificate errors will be ignored for this session
console.error: (new Error("SessionFile is closed", "resource:///modules/sessionstore/SessionFile.jsm", 433))
1623185084661	Marionette	INFO	Stopped listening on port 50275
marionette" "-foreground" "-no-remote" "-profile" "C:\\Users\\Kevin\\AppData\\Local\\Temp\\rust_mozprofile61KKzw"
1623185072453	Marionette	INFO	Marionette enabled
[GFX1-]: DoesD3D11TextureSharingWork_ColorMismatch
console.warn: SearchSettings: "get: No settings file exists, new profile?" (new Error("", "(unknown module)"))
1623185095756	Marionette	INFO	Listening on port 58803
1623185095987	Marionette	WARN	TLS certificate errors will be ignored for this session
1623185258785	Marionette	INFO	Stopped listening on port 58803
1623185328021	geckodriver	INFO	Listening on 127.0.0.1:56032
1623185331099	mozrunner::runner	INFO	Running command: "C:\\Program Files (x86)\\Mozilla Firefox\\firefox.exe" "--marionette" "-foreground" "-no-remote" "-profile" "C:\\Users\\Kevin\\AppData\\Local\\Temp\\rust_mozprofileqnRfaA"
1623185333557	Marionette	INFO	Marionette enabled
[GFX1-]: DoesD3D11TextureSharingWork_ColorMismatch
console.warn: SearchSettings: "get: No settings file exists, new profile?" (new Error("", "(unknown module)"))
1623185351490	Marionette	INFO	Listening on port 56042
1623185352107	Marionette	WARN	TLS certificate errors will be ignored for this session
1623185436378	Marionette	INFO	Stopped listening on port 56042

###!!! [Child][RunMessage] Error: Channel closing: too late to send/recv, messages will be lost

.exe" "--marionette" "-foreground" "-no-remote" "-profile" "C:\\Users\\Kevin\\AppData\\Local\\Temp\\rust_mozprofileDHM8gI"
1623185413297	Marionette	INFO	Marionette enabled
[GFX1-]: DoesD3D11TextureSharingWork_ColorMismatch
console.warn: SearchSettings: "get: No settings file exists, new profile?" (new Error("", "(unknown module)"))
console.error: Region.jsm: "Error fetching region" (new Error("TIMEOUT", "resource://gre/modules/Region.jsm", 772))
console.error: Region.jsm: "Failed to fetch region" (new Error("TIMEOUT", "resource://gre/modules/Region.jsm", 419))
1623185424975	Marionette	INFO	Listening on port 64196
1623185425623	Marionette	WARN	TLS certificate errors will be ignored for this session
JavaScript error: resource://gre/actors/AutoCompleteChild.jsm, line 125: Error: Invalid autocomplete selectedIndex
JavaScript error: resource://gre/actors/AutoCompleteChild.jsm, line 125: Error: Invalid autocomplete selectedIndex
JavaScript error: resource://gre/modules/LoginManagerChild.jsm, line 194: NS_ERROR_XPC_JAVASCRIPT_ERROR_WITH_DETAILS: [JavaScript Error: "Invalid autocomplete selectedIndex" {file: "resource://gre/actors/AutoCompleteChild.jsm" line: 125}]'[JavaScript Error: "Invalid autocomplete selectedIndex" {file: "resource://gre/actors/AutoCompleteChild.jsm" line: 125}]' when calling method: [nsIAutoCompletePopup::selectedIndex]
                                                                                                                                                                    1623193527198	geckodriver	INFO	Listening on 127.0.0.1:61100
1623193530225	mozrunner::runner	INFO	Running command: "C:\\Program Files (x86)\\Mozilla Firefox\\firefox.exe" "--marionette" "-foreground" "-no-remote" "-profile" "C:\\Users\\Kevin\\AppData\\Local\\Temp\\rust_mozprofile4KSwT2"
1623193542917	Marionette	INFO	Marionette enabled
[GFX1-]: DoesD3D11TextureSharingWork_ColorMismatch
console.warn: SearchSettings: "get: No settings file exists, new profile?" (new Error("", "(unknown module)"))
1623193576018	Marionette	INFO	Listening on port 61110
1623193577454	Marionette	WARN	TLS certificate errors will be ignored for this session
1623193732677	Marionette	INFO	Stopped listening on port 61110

###!!! [Parent][RunMessage] Error: Channel closing: too late to send/recv, messages will be lost

exe" "--marionette" "-foreground" "-no-remote" "-profile" "C:\\Users\\Kevin\\AppData\\Local\\Temp\\rust_mozprofile3SdSQ8"
1623193679324	Marionette	INFO	Marionette enabled
[GFX1-]: DoesD3D11TextureSharingWork_ColorMismatch
console.warn: SearchSettings: "get: No settings file exists, new profile?" (new Error("", "(unknown module)"))
console.error: Region.jsm: "Error fetching region" (new Error("TIMEOUT", "resource://gre/modules/Region.jsm", 772))
console.error: Region.jsm: "Failed to fetch region" (new Error("TIMEOUT", "resource://gre/modules/Region.jsm", 419))
1623193691828	Marionette	INFO	Listening on port 61265
1623193693056	Marionette	WARN	TLS certificate errors will be ignored for this session
console.error: services.settings: 
  security-state/intermediates Signature failed  Error: Shutdown, aborting read-only worker requests.
console.error: services.settings: 
  Message: Error: Shutdown, aborting read-only worker requests.
  Stack:
    _abortCancelableRequests@resource1623194084731	Marionette	INFO	Marionette enabled
[GFX1-]: DoesD3D11TextureSharingWork_ColorMismatch
console.warn: SearchSettings: "get: No settings file exists, new profile?" (new Error("", "(unknown module)"))
1623194097165	Marionette	INFO	Listening on port 61521
1623194097368	Marionette	WARN	TLS certificate errors will be ignored for this session
1623194698706	Marionette	INFO	Stopped listening on port 61521

###!!! [Child][RunMessage] Error: Channel closing: too late to send/recv, messages will be lost

rror: Channel closing: too late to send/recv, messages will be lost

1623194721955	geckodriver	INFO	Listening on 127.0.0.1:61890
1623194725205	mozrunner::runner	INFO	Running command: "C:\\Program Files (x86)\\Mozilla Firefox\\firefox.exe" "--marionette" "-foreground" "-no-remote" "-profile" "C:\\Users\\Kevin\\AppData\\Local\\Temp\\rust_mozprofiletqGbjH"
1623194727806	Marionette	INFO	Marionette enabled
[GFX1-]: DoesD3D11TextureSharingWork_ColorMismatch
console.warn: SearchSettings: "get: No settings file exists, new profile?" (new Error("", "(unknown module)"))
console.error: Region.jsm: "Error fetching region" (new Error("TIMEOUT", "resource://gre/modules/Region.jsm", 772))
console.error: Region.jsm: "Failed to fetch region" (new Error("TIMEOUT", "resource://gre/modules/Region.jsm", 419))
1623194741665	Marionette	INFO	Listening on port 61899
1623194741780	Marionette	WARN	TLS certificate errors will be ignored for this session
1623195095079	Marionette	INFO	Stopped listening on port 61899

###!!! [Child][RunMessage] Error: Channel closing: too late to send/recv, messages will be lost

.exe" "--marionette" "-foreground" "-no-remote" "-profile" "C:\\Users\\Kevin\\AppData\\Local\\Temp\\rust_mozprofileIHqIRJ"
1623195088349	Marionette	INFO	Marionette enabled
[GFX1-]: DoesD3D11TextureSharingWork_ColorMismatch
console.warn: SearchSettings: "get: No settings file exists, new profile?" (new Error("", "(unknown module)"))
console.error: Region.jsm: "Error fetching region" (new Error("TIMEOUT", "resource://gre/modules/Region.jsm", 772))
console.error: Region.jsm: "Failed to fetch region" (new Error("TIMEOUT", "resource://gre/modules/Region.jsm", 419))
1623195101316	Marionette	INFO	Listening on port 62138
1623195101580	Marionette	WARN	TLS certificate errors will be ignored for this session
1623195168612	Marionette	INFO	Stopped listening on port 62138

###!!! [Child][RunMessage] Error: Channel closing: too late to send/recv, messages will be lost

1623195169190	geckodriver	INFO	Listening on 127.0.0.1:62237
1623195172196	mozrunner::runner	INFO	Running command: "C:\\Program Files (x86)\\Mozilla Firefox\\firefox.exe" "--marionette" "-foreground" "-no-remote" "-profile" "C:\\Users\\Kevin\\AppData\\Local\\Temp\\rust_mozprofileuNh9WF"
1623195174484	Marionette	INFO	Marionette enabled
[GFX1-]: DoesD3D11TextureSharingWork_ColorMismatch
console.warn: SearchSettings: "get: No settings file exists, new profile?" (new Error("", "(unknown module)"))
1623195185041	Marionette	INFO	Listening on port 62246
1623195185124	Marionette	WARN	TLS certificate errors will be ignored for this session
[Parent 5208, IPC I/O Parent] WARNING: file /builds/worker/checkouts/gecko/ipc/chromium/src/base/process_util_win.cc:167
1623196609202	Marionette	INFO	Stopped listening on port 62246
"-foreground" "-no-remote" "-profile" "C:\\Users\\Kevin\\AppData\\Local\\Temp\\rust_mozprofileQiTrpy"
1623196595888	Marionette	INFO	Marionette enabled
[GFX1-]: DoesD3D11TextureSharingWork_ColorMismatch
console.warn: SearchSettings: "get: No settings file exists, new profile?" (new Error("", "(unknown module)"))
console.error: Region.jsm: "Error fetching region" (new AbortError("The operation was aborted. ", (void 0), 770))
console.error: Region.jsm: "Failed to fetch region" (new Error("NO_RESULT", "resource://gre/modules/Region.jsm", 419))
1623196618161	Marionette	INFO	Listening on port 57255
1623196618287	Marionette	WARN	TLS certificate errors will be ignored for this session
JavaScript error: resource://gre/modules/AsyncShutdown.jsm, line 718: Error: Phase "Sqlite.jsm: wait until all connections are closed" is finished, it is too late to register completion condition "protections.sqlite#0: waiting for shutdown"
1623196715249	Marionette	INFO	Stopped listening on port 57255
onette	INFO	Marionette enabled
[GFX1-]: DoesD3D11TextureSharingWork_ColorMismatch
console.warn: SearchSettings: "get: No settings file exists, new profile?" (new Error("", "(unknown module)"))
1623196723189	Marionette	INFO	Listening on port 57383
1623196723552	Marionette	WARN	TLS certificate errors will be ignored for this session
1623196783082	Marionette	INFO	Stopped listening on port 57381623196783792	mozrunner::runner	INFO	Running command: "C:\\Program Files (x86)\\Mozilla Firefox\\firefox.exe" "--marionette" "-foreground" "-no-remote" "-profile" "C:\\Users\\Kevin\\AppData\\Local\\Temp\\rust_mozprofilesynwAZ"
1623196786591	Marionette	INFO	Marionette enabled
[GFX1-]: DoesD3D11TextureSharingWork_ColorMismatch
console.warn: SearchSettings: "get: No settings file exists, new profile?" (new Error("", "(unknown module)"))
1623196798003	Marionette	INFO	Listening on port 63013
console.error: Region.jsm: "Error fetching region" (new Error("TIMEOUT", "resource://gre/modules/Region.jsm", 772))
console.error: Region.jsm: "Failed to fetch region" (new Error("TIMEOUT", "resource://gre/modules/Region.jsm", 419))
1623196798233	Marionette	WARN	TLS certificate errors will be ignored for this session
console.warn: services.settings: blocklists/gfx Signature verified failed. Retry from scratch
1623197595336	Marionette	INFO	Stopped listening on port 63013
irefox.exe" "--marionette" "-foreground" "-no-remote" "-profile" "C:\\Users\\Kevin\\AppData\\Local\\Temp\\rust_mozprofileQR3nku"
1623196956694	Marionette	INFO	Marionette enabled
[GFX1-]: DoesD3D11TextureSharingWork_ColorMismatch
console.warn: SearchSettings: "get: No settings file exists, new profile?" (new Error("", "(unknown module)"))
console.error: Region.jsm: "Error fetching region" (new Error("TIMEOUT", "resource://gre/modules/Region.jsm", 772))
console.error: Region.jsm: "Failed to fetch region" (new Error("TIMEOUT", "resource://gre/modules/Region.jsm", 419))
1623196969088	Marionette	INFO	Listening on port 54116
1623196969191	Marionette	WARN	TLS certificate errors will be ignored for this session
console.warn: services.settings: blocklists/gfx Signature verified failed. Retry from scratch
1623197706054	Marionette	INFO	Stopped listening on port 54116
irefox.exe" "--marionette" "-foreground" "-no-remote" "-profile" "C:\\Users\\Kevin\\AppData\\Local\\Temp\\rust_mozprofileGXJpKb"
1623197172268	Marionette	INFO	Marionette enabled
[GFX1-]: DoesD3D11TextureSharingWork_ColorMismatch
console.warn: SearchSettings: "get: No settings file exists, new profile?" (new Error("", "(unknown module)"))
[Parent 8760, IPC I/O Parent] WARNING: file /builds/worker/checkouts/gecko/ipc/chromium/src/base/process_util_win.cc:167
console.error: Region.jsm: "Error fetching region" (new AbortError("The operation was aborted. ", (void 0), 770))
console.error: Region.jsm: "Failed to fetch region" (new Error("NO_RESULT", "resource://gre/modules/Region.jsm", 419))
1623197193880	Marionette	INFO	Listening on port 56874
1623197194618	Marionette	WARN	TLS certificate errors will be ignored for this session
console.warn: services.settings: blocklists/gfx Signature verified failed. Retry from scratch
[Parent 8760, IPC I/O Parent] WARNING: file /builds/worker/checkouts/gecko/ipc/chromium/src/base/process_util_win.cc:167
1623197594172	Marionette	INFO	Stopped listening on port 56874
1623197707177	geckodriver	INFO	Listening on 127.0.0.1:49346
1623197710909	mozrunner::runner	INFO	Running command: "C:\\Program Files (x86)\\Mozilla Firefox\\firefox.exe" "--marionette" "-foreground" "-no-remote" "-profile" "C:\\Users\\Kevin\\AppData\\Local\\Temp\\rust_mozprofile6GiDX9"
1623197715862	Marionette	INFO	Marionette enabled
[GFX1-]: DoesD3D11TextureSharingWork_ColorMismatch
console.warn: SearchSettings: "get: No settings file exists, new profile?" (new Error("", "(unknown module)"))
console.error: Region.jsm: "Error fetching region" (new Error("TIMEOUT", "resource://gre/modules/Region.jsm", 772))
console.error: Region.jsm: "Failed to fetch region" (new Error("TIMEOUT", "resource://gre/modules/Region.jsm", 419))
1623197730032	Marionette	INFO	Listening on port 49355
1623197730265	Marionette	WARN	TLS certificate errors will be ignored for this session
[Parent 7764, IPC I/O Parent] WARNING: file /builds/worker/c1623197904566	mozrunner::runner	INFO	Running command: "C:\\Pro1623197907625	Marionette	INFO	Stopped listening on port 49355

###!!! [Child][RunMessage] Error: Channel closing: too late to send/recv, messages will be lost


1623197906960	Marionette	INFO	Marionette enabled
[GFX1-]: DoesD3D11TextureSharingWork_ColorMismatch
console.warn: SearchSettings: "get: No settings file exists, new profile?" (new Error("", "(unknown module)"))
1623197917758	Marionette	INFO	Listening on port 54296
1623197918141	Marionette	WARN	TLS certificate errors will be ignored for this session
1623198096178	Marionette	INFO	Stopped listening on port 54296

###!!! [Child][RunMessage] Error: Channel closing: too late to send/recv, messages will be lost

